<!DOCTYPE html>
<html>
<head>
    <title>Calibre-Web Tests</title>
    <meta name="generator" content=""/>
    <meta name="version" content=""/>
    <meta http-equiv="Content-Type" content="text/html; charset=UTF-8"/>
    <meta name="viewport" content="width=device-width, initial-scale=1">
    <!-- Bootstrap -->
    <link href="./../cps/static/css/libs/bootstrap.min.css" rel="stylesheet">
    <!-- jQuery (necessary for Bootstrap's JavaScript plugins) -->
    <script src="./../cps/static/js/libs/jquery.min.js"></script>
    <!-- Include all compiled plugins (below), or include individual files as needed -->
    <script src="./../cps/static/js/libs/bootstrap.min.js"></script>
    <!-- Project CSS -->
    <link href="css/runner.css" rel="stylesheet">
    <!-- Project JS -->
    <script src="js/runner.js"></script>
</head>

<body>


    <div class="row report-title">
        <h1 id='report_title' class="text-center">Calibre-Web Tests</h1>
    </div>
  <div class="row">
    <div class="col">
      <div class="col-xs-12 col-sm-6">
        <div class="piechart">
          <div>
              <canvas id="circle" width="350" height="168" ></canvas>
          </div>
        </div>
      </div>
      <div class="col-xs-12 col-sm-6">
      <div class="row">
        <div class="col-xs-6 col-md-6 col-sm-offset-3" style="margin-top:50px;">
            
            <p class='text-justify attribute'><strong>Start Time: </strong>2021-03-22 19:04:38</p>
            
        </div>
      </div>
      <div class="row">
        <div class="col-xs-6 col-md-6 col-sm-offset-3">
            
            <p class='text-justify attribute'><strong>Stop Time: </strong>2021-03-22 21:16:53</p>
            
        </div>
      </div>
      <div class="row">
        <div class="col-xs-6 col-md-6 col-sm-offset-3">
           <p class='text-justify attribute'><strong>Duration: </strong>1h 43 min</p>
        </div>
      </div>
      </div>
    </div>
  </div>

    <div class='report-description'>
        <div id='report_description' class='row text-center'></div>
    </div>
<div class='text-center buttons'>
<div id='show_detail_line' class="btn-group pagination-centered" role="group" aria-label="TESTE">
    <button type="button" class="btn btn-success" data-toggle="button" aria-pressed="false" data-placement="top"
            title="Show only the execution summary" onclick="showCase(0)">Summary
    </button>
    <button type="button" class="btn btn-info" data-toggle="button" aria-pressed="false" data-placement="top"
            title="Show only the execution summary" onclick="showCase(5)">Summary Problems
    </button>
    <button type="button" class="btn btn-warning" data-toggle="button" aria-pressed="false" data-placement="top"
            title="Show skipped test cases" onclick="showCase(3)">Skipped
    </button>
    <button type="button" class="btn btn-danger" data-toggle="button" aria-pressed="false" data-placement="top"
            title="Show the filed test cases" onclick="showCase(1)">Failed
    </button>
        <button type="button" class="btn btn-info" data-toggle="button" aria-pressed="false" data-placement="top"
            title="Show the filed test cases" onclick="showCase(4)">Error
    </button>
    <button type="button" class="btn btn-primary" data-toggle="tooltip" aria-pressed="false" data-placement="top"
            title="Show all test cases" onclick="showCase(2)">All
    </button>
</div>
</div>
<table id='result_table' class='table table-bordered table-responsive table-curved'>
    <colgroup>
        <col/>
        <col/>
        <col/>
        <col/>
        <col/>
        <col/>
    </colgroup>
    <tr id='header_row' class="text-center bg-grey">
        <td>Test Group/Test case</td>
        <td>Count</td>
        <td>Pass</td>
        <td>Fail</td>
        <td>Error</td>
        <td>Skip</td>
        <td>View</td>
    </tr>


    <tr id="su" class="passClass">
        <td>TestAnonymous</td>
        <td class="text-center">13</td>
        <td class="text-center">13</td>
        <td class="text-center">0</td>
        <td class="text-center">0</td>
        <td class="text-center">0</td>
        <td class="text-center">
            <a onclick="showClassDetail('c1', 13)">Detail</a>
        </td>
    </tr>

    
    
        <tr id='pt1.1' class='hiddenRow bg-success'>
            <td>
                <div class='testcase'>TestAnonymous - test_check_locale_guest</div>
            </td>
            <td colspan='6' align='center'>PASS</td>
        </tr>
    
    
    
        <tr id='pt1.2' class='hiddenRow bg-success'>
            <td>
                <div class='testcase'>TestAnonymous - test_guest_about</div>
            </td>
            <td colspan='6' align='center'>PASS</td>
        </tr>
    
    
    
        <tr id='pt1.3' class='hiddenRow bg-success'>
            <td>
                <div class='testcase'>TestAnonymous - test_guest_change_visibility_category</div>
            </td>
            <td colspan='6' align='center'>PASS</td>
        </tr>
    
    
    
        <tr id='pt1.4' class='hiddenRow bg-success'>
            <td>
                <div class='testcase'>TestAnonymous - test_guest_change_visibility_format</div>
            </td>
            <td colspan='6' align='center'>PASS</td>
        </tr>
    
    
    
        <tr id='pt1.5' class='hiddenRow bg-success'>
            <td>
                <div class='testcase'>TestAnonymous - test_guest_change_visibility_hot</div>
            </td>
            <td colspan='6' align='center'>PASS</td>
        </tr>
    
    
    
        <tr id='pt1.6' class='hiddenRow bg-success'>
            <td>
                <div class='testcase'>TestAnonymous - test_guest_change_visibility_language</div>
            </td>
            <td colspan='6' align='center'>PASS</td>
        </tr>
    
    
    
        <tr id='pt1.7' class='hiddenRow bg-success'>
            <td>
                <div class='testcase'>TestAnonymous - test_guest_change_visibility_publisher</div>
            </td>
            <td colspan='6' align='center'>PASS</td>
        </tr>
    
    
    
        <tr id='pt1.8' class='hiddenRow bg-success'>
            <td>
                <div class='testcase'>TestAnonymous - test_guest_change_visibility_rated</div>
            </td>
            <td colspan='6' align='center'>PASS</td>
        </tr>
    
    
    
        <tr id='pt1.9' class='hiddenRow bg-success'>
            <td>
                <div class='testcase'>TestAnonymous - test_guest_change_visibility_rating</div>
            </td>
            <td colspan='6' align='center'>PASS</td>
        </tr>
    
    
    
        <tr id='pt1.10' class='hiddenRow bg-success'>
            <td>
                <div class='testcase'>TestAnonymous - test_guest_change_visibility_series</div>
            </td>
            <td colspan='6' align='center'>PASS</td>
        </tr>
    
    
    
        <tr id='pt1.11' class='hiddenRow bg-success'>
            <td>
                <div class='testcase'>TestAnonymous - test_guest_random_books_available</div>
            </td>
            <td colspan='6' align='center'>PASS</td>
        </tr>
    
    
    
        <tr id='pt1.12' class='hiddenRow bg-success'>
            <td>
                <div class='testcase'>TestAnonymous - test_guest_restricted_settings_visibility</div>
            </td>
            <td colspan='6' align='center'>PASS</td>
        </tr>
    
    
    
        <tr id='pt1.13' class='hiddenRow bg-success'>
            <td>
                <div class='testcase'>TestAnonymous - test_guest_visibility_sidebar</div>
            </td>
            <td colspan='6' align='center'>PASS</td>
        </tr>
    
    


    <tr id="su" class="skipClass">
        <td>TestCli</td>
        <td class="text-center">8</td>
        <td class="text-center">7</td>
        <td class="text-center">0</td>
        <td class="text-center">0</td>
        <td class="text-center">1</td>
        <td class="text-center">
            <a onclick="showClassDetail('c2', 8)">Detail</a>
        </td>
    </tr>

    
    
        <tr id='pt2.1' class='hiddenRow bg-success'>
            <td>
                <div class='testcase'>TestCli - test_already_started</div>
            </td>
            <td colspan='6' align='center'>PASS</td>
        </tr>
    
    
    
        <tr id='pt2.2' class='hiddenRow bg-success'>
            <td>
                <div class='testcase'>TestCli - test_bind_to_single_interface</div>
            </td>
            <td colspan='6' align='center'>PASS</td>
        </tr>
    
    
    
        <tr id='pt2.3' class='hiddenRow bg-success'>
            <td>
                <div class='testcase'>TestCli - test_cli_SSL_files</div>
            </td>
            <td colspan='6' align='center'>PASS</td>
        </tr>
    
    
    
        <tr id='pt2.4' class='hiddenRow bg-success'>
            <td>
                <div class='testcase'>TestCli - test_cli_different_folder</div>
            </td>
            <td colspan='6' align='center'>PASS</td>
        </tr>
    
    
    
        <tr id='pt2.5' class='hiddenRow bg-success'>
            <td>
                <div class='testcase'>TestCli - test_cli_different_settings_database</div>
            </td>
            <td colspan='6' align='center'>PASS</td>
        </tr>
    
    
    
        <tr id="st2.6" class="none bg-warning">
            <td>
                <div class='testcase'>TestCli - test_cli_gdrive_location</div>
            </td>
            <td colspan='6'>
                <div class="text-center">
                    <a class="popup_link text-center" onfocus='blur()' onclick="showTestDetail('div_st2.6')">SKIP</a>
                </div>
                <!--css div popup start-->
                <div id="div_st2.6" class="popup_window test_output" style="display:none;">
                    <div class='close_button pull-right'>
                        <button type="button" class="close" aria-label="Close" onfocus='this.blur();'
                                onclick='document.getElementById('div_st2.6').style.display='none'"><span
                                aria-hidden="true">&times;</span></button>
                    </div>
                    <div class="text-left pull-left">
                        <pre class="text-left">Not Implemented</pre>
                    </div>
                    <div class="clearfix"></div>
                </div>
                <!--css div popup end-->
            </td>
        </tr>
    
    
    
        <tr id='pt2.7' class='hiddenRow bg-success'>
            <td>
                <div class='testcase'>TestCli - test_environ_port_setting</div>
            </td>
            <td colspan='6' align='center'>PASS</td>
        </tr>
    
    
    
        <tr id='pt2.8' class='hiddenRow bg-success'>
            <td>
                <div class='testcase'>TestCli - test_settingsdb_not_writeable</div>
            </td>
            <td colspan='6' align='center'>PASS</td>
        </tr>
    
    


    <tr id="su" class="passClass">
        <td>TestCoverEditBooks</td>
        <td class="text-center">1</td>
        <td class="text-center">1</td>
        <td class="text-center">0</td>
        <td class="text-center">0</td>
        <td class="text-center">0</td>
        <td class="text-center">
            <a onclick="showClassDetail('c3', 1)">Detail</a>
        </td>
    </tr>

    
    
        <tr id='pt3.1' class='hiddenRow bg-success'>
            <td>
                <div class='testcase'>TestCoverEditBooks - test_upload_jpg</div>
            </td>
            <td colspan='6' align='center'>PASS</td>
        </tr>
    
    


    <tr id="su" class="passClass">
        <td>TestDeleteDatabase</td>
        <td class="text-center">1</td>
        <td class="text-center">1</td>
        <td class="text-center">0</td>
        <td class="text-center">0</td>
        <td class="text-center">0</td>
        <td class="text-center">
            <a onclick="showClassDetail('c4', 1)">Detail</a>
        </td>
    </tr>

    
    
        <tr id='pt4.1' class='hiddenRow bg-success'>
            <td>
                <div class='testcase'>TestDeleteDatabase - test_delete_books_in_database</div>
            </td>
            <td colspan='6' align='center'>PASS</td>
        </tr>
    
    


    <tr id="su" class="passClass">
        <td>TestEbookConvertCalibre</td>
        <td class="text-center">11</td>
        <td class="text-center">11</td>
        <td class="text-center">0</td>
        <td class="text-center">0</td>
        <td class="text-center">0</td>
        <td class="text-center">
            <a onclick="showClassDetail('c5', 11)">Detail</a>
        </td>
    </tr>

    
    
        <tr id='pt5.1' class='hiddenRow bg-success'>
            <td>
                <div class='testcase'>TestEbookConvertCalibre - test_convert_deactivate</div>
            </td>
            <td colspan='6' align='center'>PASS</td>
        </tr>
    
    
    
        <tr id='pt5.2' class='hiddenRow bg-success'>
            <td>
                <div class='testcase'>TestEbookConvertCalibre - test_convert_email</div>
            </td>
            <td colspan='6' align='center'>PASS</td>
        </tr>
    
    
    
        <tr id='pt5.3' class='hiddenRow bg-success'>
            <td>
                <div class='testcase'>TestEbookConvertCalibre - test_convert_failed_and_email</div>
            </td>
            <td colspan='6' align='center'>PASS</td>
        </tr>
    
    
    
        <tr id='pt5.4' class='hiddenRow bg-success'>
            <td>
                <div class='testcase'>TestEbookConvertCalibre - test_convert_only</div>
            </td>
            <td colspan='6' align='center'>PASS</td>
        </tr>
    
    
    
        <tr id='pt5.5' class='hiddenRow bg-success'>
            <td>
                <div class='testcase'>TestEbookConvertCalibre - test_convert_parameter</div>
            </td>
            <td colspan='6' align='center'>PASS</td>
        </tr>
    
    
    
        <tr id='pt5.6' class='hiddenRow bg-success'>
            <td>
                <div class='testcase'>TestEbookConvertCalibre - test_convert_wrong_excecutable</div>
            </td>
            <td colspan='6' align='center'>PASS</td>
        </tr>
    
    
    
        <tr id='pt5.7' class='hiddenRow bg-success'>
            <td>
                <div class='testcase'>TestEbookConvertCalibre - test_email_failed</div>
            </td>
            <td colspan='6' align='center'>PASS</td>
        </tr>
    
    
    
        <tr id='pt5.8' class='hiddenRow bg-success'>
            <td>
                <div class='testcase'>TestEbookConvertCalibre - test_email_only</div>
            </td>
            <td colspan='6' align='center'>PASS</td>
        </tr>
    
    
    
        <tr id='pt5.9' class='hiddenRow bg-success'>
            <td>
                <div class='testcase'>TestEbookConvertCalibre - test_kindle_send_not_configured</div>
            </td>
            <td colspan='6' align='center'>PASS</td>
        </tr>
    
    
    
        <tr id='pt5.10' class='hiddenRow bg-success'>
            <td>
                <div class='testcase'>TestEbookConvertCalibre - test_ssl_smtp_setup_error</div>
            </td>
            <td colspan='6' align='center'>PASS</td>
        </tr>
    
    
    
        <tr id='pt5.11' class='hiddenRow bg-success'>
            <td>
                <div class='testcase'>TestEbookConvertCalibre - test_starttls_smtp_setup_error</div>
            </td>
            <td colspan='6' align='center'>PASS</td>
        </tr>
    
    


    <tr id="su" class="passClass">
        <td>TestEbookConvertCalibreGDrive</td>
        <td class="text-center">6</td>
        <td class="text-center">6</td>
        <td class="text-center">0</td>
        <td class="text-center">0</td>
        <td class="text-center">0</td>
        <td class="text-center">
            <a onclick="showClassDetail('c6', 6)">Detail</a>
        </td>
    </tr>

    
    
        <tr id='pt6.1' class='hiddenRow bg-success'>
            <td>
                <div class='testcase'>TestEbookConvertCalibreGDrive - test_convert_email</div>
            </td>
            <td colspan='6' align='center'>PASS</td>
        </tr>
    
    
    
        <tr id='pt6.2' class='hiddenRow bg-success'>
            <td>
                <div class='testcase'>TestEbookConvertCalibreGDrive - test_convert_failed_and_email</div>
            </td>
            <td colspan='6' align='center'>PASS</td>
        </tr>
    
    
    
        <tr id='pt6.3' class='hiddenRow bg-success'>
            <td>
                <div class='testcase'>TestEbookConvertCalibreGDrive - test_convert_only</div>
            </td>
            <td colspan='6' align='center'>PASS</td>
        </tr>
    
    
    
        <tr id='pt6.4' class='hiddenRow bg-success'>
            <td>
                <div class='testcase'>TestEbookConvertCalibreGDrive - test_convert_parameter</div>
            </td>
            <td colspan='6' align='center'>PASS</td>
        </tr>
    
    
    
        <tr id='pt6.5' class='hiddenRow bg-success'>
            <td>
                <div class='testcase'>TestEbookConvertCalibreGDrive - test_email_failed</div>
            </td>
            <td colspan='6' align='center'>PASS</td>
        </tr>
    
    
    
        <tr id='pt6.6' class='hiddenRow bg-success'>
            <td>
                <div class='testcase'>TestEbookConvertCalibreGDrive - test_email_only</div>
            </td>
            <td colspan='6' align='center'>PASS</td>
        </tr>
    
    


    <tr id="su" class="passClass">
        <td>TestEbookConvertKepubify</td>
        <td class="text-center">3</td>
        <td class="text-center">3</td>
        <td class="text-center">0</td>
        <td class="text-center">0</td>
        <td class="text-center">0</td>
        <td class="text-center">
            <a onclick="showClassDetail('c7', 3)">Detail</a>
        </td>
    </tr>

    
    
        <tr id='pt7.1' class='hiddenRow bg-success'>
            <td>
                <div class='testcase'>TestEbookConvertKepubify - test_convert_deactivate</div>
            </td>
            <td colspan='6' align='center'>PASS</td>
        </tr>
    
    
    
        <tr id='pt7.2' class='hiddenRow bg-success'>
            <td>
                <div class='testcase'>TestEbookConvertKepubify - test_convert_only</div>
            </td>
            <td colspan='6' align='center'>PASS</td>
        </tr>
    
    
    
        <tr id='pt7.3' class='hiddenRow bg-success'>
            <td>
                <div class='testcase'>TestEbookConvertKepubify - test_convert_wrong_excecutable</div>
            </td>
            <td colspan='6' align='center'>PASS</td>
        </tr>
    
    


    <tr id="su" class="passClass">
        <td>TestEbookConvertGDriveKepubify</td>
        <td class="text-center">3</td>
        <td class="text-center">3</td>
        <td class="text-center">0</td>
        <td class="text-center">0</td>
        <td class="text-center">0</td>
        <td class="text-center">
            <a onclick="showClassDetail('c8', 3)">Detail</a>
        </td>
    </tr>

    
    
        <tr id='pt8.1' class='hiddenRow bg-success'>
            <td>
                <div class='testcase'>TestEbookConvertGDriveKepubify - test_convert_deactivate</div>
            </td>
            <td colspan='6' align='center'>PASS</td>
        </tr>
    
    
    
        <tr id='pt8.2' class='hiddenRow bg-success'>
            <td>
                <div class='testcase'>TestEbookConvertGDriveKepubify - test_convert_only</div>
            </td>
            <td colspan='6' align='center'>PASS</td>
        </tr>
    
    
    
        <tr id='pt8.3' class='hiddenRow bg-success'>
            <td>
                <div class='testcase'>TestEbookConvertGDriveKepubify - test_convert_wrong_excecutable</div>
            </td>
            <td colspan='6' align='center'>PASS</td>
        </tr>
    
    


    <tr id="su" class="errorClass">
        <td>TestEditAdditionalBooks</td>
        <td class="text-center">13</td>
        <td class="text-center">5</td>
        <td class="text-center">2</td>
        <td class="text-center">5</td>
        <td class="text-center">1</td>
        <td class="text-center">
            <a onclick="showClassDetail('c9', 13)">Detail</a>
        </td>
    </tr>

    
    
        <tr id="ft9.1" class="none bg-danger">
            <td>
                <div class='testcase'>TestEditAdditionalBooks - test_change_upload_formats</div>
            </td>
            <td colspan='6'>
                <div class="text-center">
                    <a class="popup_link text-center" onfocus='blur()' onclick="showTestDetail('div_ft9.1')">FAIL</a>
                </div>
                <!--css div popup start-->
                <div id="div_ft9.1" class="popup_window test_output" style="display:none;">
                    <div class='close_button pull-right'>
                        <button type="button" class="close" aria-label="Close" onfocus='this.blur();'
                                onclick='document.getElementById('div_ft9.1').style.display='none'"><span
                                aria-hidden="true">&times;</span></button>
                    </div>
                    <div class="text-left pull-left">
                        <pre class="text-left">Traceback (most recent call last):
  File "/home/ozzie/Development/calibre-web-test/test/test_edit_additional_books.py", line 119, in test_change_upload_formats
    self.assertTrue(self.check_element_on_page((By.ID, "flash_alert")))
AssertionError: False is not true</pre>
                    </div>
                    <div class="clearfix"></div>
                </div>
                <!--css div popup end-->
            </td>
        </tr>
    
    
    
        <tr id='pt9.2' class='hiddenRow bg-success'>
            <td>
                <div class='testcase'>TestEditAdditionalBooks - test_delete_book</div>
            </td>
            <td colspan='6' align='center'>PASS</td>
        </tr>
    
    
    
        <tr id="ft9.3" class="none bg-danger">
            <td>
                <div class='testcase'>TestEditAdditionalBooks - test_delete_role</div>
            </td>
            <td colspan='6'>
                <div class="text-center">
                    <a class="popup_link text-center" onfocus='blur()' onclick="showTestDetail('div_ft9.3')">FAIL</a>
                </div>
                <!--css div popup start-->
                <div id="div_ft9.3" class="popup_window test_output" style="display:none;">
                    <div class='close_button pull-right'>
                        <button type="button" class="close" aria-label="Close" onfocus='this.blur();'
                                onclick='document.getElementById('div_ft9.3').style.display='none'"><span
                                aria-hidden="true">&times;</span></button>
                    </div>
                    <div class="text-left pull-left">
                        <pre class="text-left">Traceback (most recent call last):
  File "/home/ozzie/Development/calibre-web-test/test/test_edit_additional_books.py", line 615, in test_delete_role
    self.assertTrue(self.delete_book_format(12, 'FB2'))
AssertionError: False is not true</pre>
                    </div>
                    <div class="clearfix"></div>
                </div>
                <!--css div popup end-->
            </td>
        </tr>
    
    
    
        <tr id='pt9.4' class='hiddenRow bg-success'>
            <td>
                <div class='testcase'>TestEditAdditionalBooks - test_edit_book_identifier</div>
            </td>
            <td colspan='6' align='center'>PASS</td>
        </tr>
    
    
    
        <tr id='pt9.5' class='hiddenRow bg-success'>
            <td>
                <div class='testcase'>TestEditAdditionalBooks - test_edit_book_identifier_capital</div>
            </td>
            <td colspan='6' align='center'>PASS</td>
        </tr>
    
    
    
        <tr id='pt9.6' class='hiddenRow bg-success'>
            <td>
                <div class='testcase'>TestEditAdditionalBooks - test_edit_book_identifier_standard</div>
            </td>
            <td colspan='6' align='center'>PASS</td>
        </tr>
    
    
    
        <tr id='pt9.7' class='hiddenRow bg-success'>
            <td>
                <div class='testcase'>TestEditAdditionalBooks - test_edit_special_book_identifier</div>
            </td>
            <td colspan='6' align='center'>PASS</td>
        </tr>
    
    
    
        <tr id="et9.8" class="none bg-info">
            <td>
                <div class='testcase'>TestEditAdditionalBooks - test_title_sort</div>
            </td>
            <td colspan='6'>
                <div class="text-center">
                    <a class="popup_link text-center" onfocus='blur()' onclick="showTestDetail('div_et9.8')">ERROR</a>
                </div>
                <!--css div popup start-->
                <div id="div_et9.8" class="popup_window test_output" style="display:none;">
                    <div class='close_button pull-right'>
                        <button type="button" class="close" aria-label="Close" onfocus='this.blur();'
                                onclick='document.getElementById('div_et9.8').style.display='none'"><span
                                aria-hidden="true">&times;</span></button>
                    </div>
                    <div class="text-left pull-left">
                        <pre class="text-left">Traceback (most recent call last):
  File "/home/ozzie/Development/calibre-web-test/test/test_edit_additional_books.py", line 636, in test_title_sort
    self.fill_view_config({'config_title_regex': '^(Beta)\s+'})
  File "/home/ozzie/Development/calibre-web-test/test/helper_ui.py", line 318, in fill_view_config
    accordions[o].click()
IndexError: list index out of range</pre>
                    </div>
                    <div class="clearfix"></div>
                </div>
                <!--css div popup end-->
            </td>
        </tr>
    
    
    
        <tr id="et9.9" class="none bg-info">
            <td>
                <div class='testcase'>TestEditAdditionalBooks - test_upload_edit_role</div>
            </td>
            <td colspan='6'>
                <div class="text-center">
                    <a class="popup_link text-center" onfocus='blur()' onclick="showTestDetail('div_et9.9')">ERROR</a>
                </div>
                <!--css div popup start-->
                <div id="div_et9.9" class="popup_window test_output" style="display:none;">
                    <div class='close_button pull-right'>
                        <button type="button" class="close" aria-label="Close" onfocus='this.blur();'
                                onclick='document.getElementById('div_et9.9').style.display='none'"><span
                                aria-hidden="true">&times;</span></button>
                    </div>
                    <div class="text-left pull-left">
                        <pre class="text-left">Traceback (most recent call last):
  File "/home/ozzie/Development/calibre-web-test/test/test_edit_additional_books.py", line 498, in test_upload_edit_role
    self.fill_basic_config({'config_uploading': 1})
  File "/home/ozzie/Development/calibre-web-test/test/helper_ui.py", line 285, in fill_basic_config
    cls.fill_initial_config(elements)
  File "/home/ozzie/Development/calibre-web-test/test/helper_ui.py", line 198, in fill_initial_config
    WebDriverWait(cls.driver, 5).until(EC.presence_of_element_located((By.ID, "config_calibre_dir")))
  File "/home/ozzie/Development/calibre-web-test/venv/lib/python3.8/site-packages/selenium/webdriver/support/wait.py", line 80, in until
    raise TimeoutException(message, screen, stacktrace)
selenium.common.exceptions.TimeoutException: Message:</pre>
                    </div>
                    <div class="clearfix"></div>
                </div>
                <!--css div popup end-->
            </td>
        </tr>
    
    
    
        <tr id="et9.10" class="none bg-info">
            <td>
                <div class='testcase'>TestEditAdditionalBooks - test_upload_metadata_cbr</div>
            </td>
            <td colspan='6'>
                <div class="text-center">
                    <a class="popup_link text-center" onfocus='blur()' onclick="showTestDetail('div_et9.10')">ERROR</a>
                </div>
                <!--css div popup start-->
                <div id="div_et9.10" class="popup_window test_output" style="display:none;">
                    <div class='close_button pull-right'>
                        <button type="button" class="close" aria-label="Close" onfocus='this.blur();'
                                onclick='document.getElementById('div_et9.10').style.display='none'"><span
                                aria-hidden="true">&times;</span></button>
                    </div>
                    <div class="text-left pull-left">
                        <pre class="text-left">Traceback (most recent call last):
  File "/home/ozzie/Development/calibre-web-test/test/test_edit_additional_books.py", line 53, in test_upload_metadata_cbr
    self.fill_basic_config({'config_uploading': 1})
  File "/home/ozzie/Development/calibre-web-test/test/helper_ui.py", line 285, in fill_basic_config
    cls.fill_initial_config(elements)
  File "/home/ozzie/Development/calibre-web-test/test/helper_ui.py", line 198, in fill_initial_config
    WebDriverWait(cls.driver, 5).until(EC.presence_of_element_located((By.ID, "config_calibre_dir")))
  File "/home/ozzie/Development/calibre-web-test/venv/lib/python3.8/site-packages/selenium/webdriver/support/wait.py", line 80, in until
    raise TimeoutException(message, screen, stacktrace)
selenium.common.exceptions.TimeoutException: Message:</pre>
                    </div>
                    <div class="clearfix"></div>
                </div>
                <!--css div popup end-->
            </td>
        </tr>
    
    
    
        <tr id="et9.11" class="none bg-info">
            <td>
                <div class='testcase'>TestEditAdditionalBooks - test_upload_metadata_cbt</div>
            </td>
            <td colspan='6'>
                <div class="text-center">
                    <a class="popup_link text-center" onfocus='blur()' onclick="showTestDetail('div_et9.11')">ERROR</a>
                </div>
                <!--css div popup start-->
                <div id="div_et9.11" class="popup_window test_output" style="display:none;">
                    <div class='close_button pull-right'>
                        <button type="button" class="close" aria-label="Close" onfocus='this.blur();'
                                onclick='document.getElementById('div_et9.11').style.display='none'"><span
                                aria-hidden="true">&times;</span></button>
                    </div>
                    <div class="text-left pull-left">
                        <pre class="text-left">Traceback (most recent call last):
  File "/home/ozzie/Development/calibre-web-test/test/test_edit_additional_books.py", line 87, in test_upload_metadata_cbt
    self.fill_basic_config({'config_uploading': 1})
  File "/home/ozzie/Development/calibre-web-test/test/helper_ui.py", line 285, in fill_basic_config
    cls.fill_initial_config(elements)
  File "/home/ozzie/Development/calibre-web-test/test/helper_ui.py", line 198, in fill_initial_config
    WebDriverWait(cls.driver, 5).until(EC.presence_of_element_located((By.ID, "config_calibre_dir")))
  File "/home/ozzie/Development/calibre-web-test/venv/lib/python3.8/site-packages/selenium/webdriver/support/wait.py", line 80, in until
    raise TimeoutException(message, screen, stacktrace)
selenium.common.exceptions.TimeoutException: Message:</pre>
                    </div>
                    <div class="clearfix"></div>
                </div>
                <!--css div popup end-->
            </td>
        </tr>
    
    
    
        <tr id="st9.12" class="none bg-warning">
            <td>
                <div class='testcase'>TestEditAdditionalBooks - test_writeonly_calibre_database</div>
            </td>
            <td colspan='6'>
                <div class="text-center">
                    <a class="popup_link text-center" onfocus='blur()' onclick="showTestDetail('div_st9.12')">SKIP</a>
                </div>
                <!--css div popup start-->
                <div id="div_st9.12" class="popup_window test_output" style="display:none;">
                    <div class='close_button pull-right'>
                        <button type="button" class="close" aria-label="Close" onfocus='this.blur();'
                                onclick='document.getElementById('div_st9.12').style.display='none'"><span
                                aria-hidden="true">&times;</span></button>
                    </div>
                    <div class="text-left pull-left">
                        <pre class="text-left">Not implemented</pre>
                    </div>
                    <div class="clearfix"></div>
                </div>
                <!--css div popup end-->
            </td>
        </tr>
    
    
    
        <tr id="et9.13" class="none bg-info">
            <td>
                <div class='testcase'>TestEditAdditionalBooks - test_writeonly_path</div>
            </td>
            <td colspan='6'>
                <div class="text-center">
                    <a class="popup_link text-center" onfocus='blur()' onclick="showTestDetail('div_et9.13')">ERROR</a>
                </div>
                <!--css div popup start-->
                <div id="div_et9.13" class="popup_window test_output" style="display:none;">
                    <div class='close_button pull-right'>
                        <button type="button" class="close" aria-label="Close" onfocus='this.blur();'
                                onclick='document.getElementById('div_et9.13').style.display='none'"><span
                                aria-hidden="true">&times;</span></button>
                    </div>
                    <div class="text-left pull-left">
                        <pre class="text-left">Traceback (most recent call last):
  File "/home/ozzie/Development/calibre-web-test/test/test_edit_additional_books.py", line 226, in test_writeonly_path
    self.fill_basic_config({'config_rarfile_location': unrar_path()})
  File "/home/ozzie/Development/calibre-web-test/test/helper_ui.py", line 285, in fill_basic_config
    cls.fill_initial_config(elements)
  File "/home/ozzie/Development/calibre-web-test/test/helper_ui.py", line 198, in fill_initial_config
    WebDriverWait(cls.driver, 5).until(EC.presence_of_element_located((By.ID, "config_calibre_dir")))
  File "/home/ozzie/Development/calibre-web-test/venv/lib/python3.8/site-packages/selenium/webdriver/support/wait.py", line 80, in until
    raise TimeoutException(message, screen, stacktrace)
selenium.common.exceptions.TimeoutException: Message:</pre>
                    </div>
                    <div class="clearfix"></div>
                </div>
                <!--css div popup end-->
            </td>
        </tr>
    
    


    <tr id="su" class="errorClass">
        <td>_ErrorHolder</td>
        <td class="text-center">6</td>
        <td class="text-center">0</td>
        <td class="text-center">0</td>
        <td class="text-center">6</td>
        <td class="text-center">0</td>
        <td class="text-center">
            <a onclick="showClassDetail('c10', 6)">Detail</a>
        </td>
    </tr>

    
    
        <tr id="et10.1" class="none bg-info">
            <td>
                <div class='testcase'>tearDownClass (test_edit_additional_books)</div>
            </td>
            <td colspan='6'>
                <div class="text-center">
                    <a class="popup_link text-center" onfocus='blur()' onclick="showTestDetail('div_et10.1')">ERROR</a>
                </div>
                <!--css div popup start-->
                <div id="div_et10.1" class="popup_window test_output" style="display:none;">
                    <div class='close_button pull-right'>
                        <button type="button" class="close" aria-label="Close" onfocus='this.blur();'
                                onclick='document.getElementById('div_et10.1').style.display='none'"><span
                                aria-hidden="true">&times;</span></button>
                    </div>
                    <div class="text-left pull-left">
                        <pre class="text-left">Traceback (most recent call last):
  File "/home/ozzie/Development/calibre-web-test/test/test_edit_additional_books.py", line 39, in tearDownClass
    cls.stop_calibre_web()
  File "/home/ozzie/Development/calibre-web-test/test/helper_ui.py", line 373, in stop_calibre_web
    cls.driver.find_element_by_id('admin_stop').click()
  File "/home/ozzie/Development/calibre-web-test/venv/lib/python3.8/site-packages/selenium/webdriver/remote/webdriver.py", line 360, in find_element_by_id
    return self.find_element(by=By.ID, value=id_)
  File "/home/ozzie/Development/calibre-web-test/venv/lib/python3.8/site-packages/selenium/webdriver/remote/webdriver.py", line 976, in find_element
    return self.execute(Command.FIND_ELEMENT, {
  File "/home/ozzie/Development/calibre-web-test/venv/lib/python3.8/site-packages/selenium/webdriver/remote/webdriver.py", line 321, in execute
    self.error_handler.check_response(response)
  File "/home/ozzie/Development/calibre-web-test/venv/lib/python3.8/site-packages/selenium/webdriver/remote/errorhandler.py", line 242, in check_response
    raise exception_class(message, screen, stacktrace)
selenium.common.exceptions.NoSuchElementException: Message: Unable to locate element: [id="admin_stop"]</pre>
                    </div>
                    <div class="clearfix"></div>
                </div>
                <!--css div popup end-->
            </td>
        </tr>
    
    
    
        <tr id="et10.2" class="none bg-info">
            <td>
                <div class='testcase'>tearDownClass (test_edit_books)</div>
            </td>
            <td colspan='6'>
                <div class="text-center">
                    <a class="popup_link text-center" onfocus='blur()' onclick="showTestDetail('div_et10.2')">ERROR</a>
                </div>
                <!--css div popup start-->
                <div id="div_et10.2" class="popup_window test_output" style="display:none;">
                    <div class='close_button pull-right'>
                        <button type="button" class="close" aria-label="Close" onfocus='this.blur();'
                                onclick='document.getElementById('div_et10.2').style.display='none'"><span
                                aria-hidden="true">&times;</span></button>
                    </div>
                    <div class="text-left pull-left">
                        <pre class="text-left">Traceback (most recent call last):
  File "/home/ozzie/Development/calibre-web-test/test/test_edit_books.py", line 40, in tearDownClass
    cls.stop_calibre_web()
  File "/home/ozzie/Development/calibre-web-test/test/helper_ui.py", line 373, in stop_calibre_web
    cls.driver.find_element_by_id('admin_stop').click()
  File "/home/ozzie/Development/calibre-web-test/venv/lib/python3.8/site-packages/selenium/webdriver/remote/webdriver.py", line 360, in find_element_by_id
    return self.find_element(by=By.ID, value=id_)
  File "/home/ozzie/Development/calibre-web-test/venv/lib/python3.8/site-packages/selenium/webdriver/remote/webdriver.py", line 976, in find_element
    return self.execute(Command.FIND_ELEMENT, {
  File "/home/ozzie/Development/calibre-web-test/venv/lib/python3.8/site-packages/selenium/webdriver/remote/webdriver.py", line 321, in execute
    self.error_handler.check_response(response)
  File "/home/ozzie/Development/calibre-web-test/venv/lib/python3.8/site-packages/selenium/webdriver/remote/errorhandler.py", line 242, in check_response
    raise exception_class(message, screen, stacktrace)
selenium.common.exceptions.NoSuchElementException: Message: Unable to locate element: [id="admin_stop"]</pre>
                    </div>
                    <div class="clearfix"></div>
                </div>
                <!--css div popup end-->
            </td>
        </tr>
    
    
    
        <tr id="et10.3" class="none bg-info">
            <td>
                <div class='testcase'>tearDownClass (test_email_ssl)</div>
            </td>
            <td colspan='6'>
                <div class="text-center">
                    <a class="popup_link text-center" onfocus='blur()' onclick="showTestDetail('div_et10.3')">ERROR</a>
                </div>
                <!--css div popup start-->
                <div id="div_et10.3" class="popup_window test_output" style="display:none;">
                    <div class='close_button pull-right'>
                        <button type="button" class="close" aria-label="Close" onfocus='this.blur();'
                                onclick='document.getElementById('div_et10.3').style.display='none'"><span
                                aria-hidden="true">&times;</span></button>
                    </div>
                    <div class="text-left pull-left">
                        <pre class="text-left">Traceback (most recent call last):
  File "/home/ozzie/Development/calibre-web-test/test/test_email_ssl.py", line 61, in tearDownClass
    cls.stop_calibre_web()
  File "/home/ozzie/Development/calibre-web-test/test/helper_ui.py", line 373, in stop_calibre_web
    cls.driver.find_element_by_id('admin_stop').click()
  File "/home/ozzie/Development/calibre-web-test/venv/lib/python3.8/site-packages/selenium/webdriver/remote/webdriver.py", line 360, in find_element_by_id
    return self.find_element(by=By.ID, value=id_)
  File "/home/ozzie/Development/calibre-web-test/venv/lib/python3.8/site-packages/selenium/webdriver/remote/webdriver.py", line 976, in find_element
    return self.execute(Command.FIND_ELEMENT, {
  File "/home/ozzie/Development/calibre-web-test/venv/lib/python3.8/site-packages/selenium/webdriver/remote/webdriver.py", line 321, in execute
    self.error_handler.check_response(response)
  File "/home/ozzie/Development/calibre-web-test/venv/lib/python3.8/site-packages/selenium/webdriver/remote/errorhandler.py", line 242, in check_response
    raise exception_class(message, screen, stacktrace)
selenium.common.exceptions.NoSuchElementException: Message: Unable to locate element: [id="admin_stop"]</pre>
                    </div>
                    <div class="clearfix"></div>
                </div>
                <!--css div popup end-->
            </td>
        </tr>
    
    
    
        <tr id="et10.4" class="none bg-info">
            <td>
                <div class='testcase'>tearDownClass (test_ldap)</div>
            </td>
            <td colspan='6'>
                <div class="text-center">
                    <a class="popup_link text-center" onfocus='blur()' onclick="showTestDetail('div_et10.4')">ERROR</a>
                </div>
                <!--css div popup start-->
                <div id="div_et10.4" class="popup_window test_output" style="display:none;">
                    <div class='close_button pull-right'>
                        <button type="button" class="close" aria-label="Close" onfocus='this.blur();'
                                onclick='document.getElementById('div_et10.4').style.display='none'"><span
                                aria-hidden="true">&times;</span></button>
                    </div>
                    <div class="text-left pull-left">
                        <pre class="text-left">Traceback (most recent call last):
  File "/home/ozzie/Development/calibre-web-test/test/test_ldap.py", line 47, in tearDownClass
    cls.stop_calibre_web()
  File "/home/ozzie/Development/calibre-web-test/test/helper_ui.py", line 375, in stop_calibre_web
    element.click()
  File "/home/ozzie/Development/calibre-web-test/venv/lib/python3.8/site-packages/selenium/webdriver/remote/webelement.py", line 80, in click
    self._execute(Command.CLICK_ELEMENT)
  File "/home/ozzie/Development/calibre-web-test/venv/lib/python3.8/site-packages/selenium/webdriver/remote/webelement.py", line 633, in _execute
    return self._parent.execute(command, params)
  File "/home/ozzie/Development/calibre-web-test/venv/lib/python3.8/site-packages/selenium/webdriver/remote/webdriver.py", line 321, in execute
    self.error_handler.check_response(response)
  File "/home/ozzie/Development/calibre-web-test/venv/lib/python3.8/site-packages/selenium/webdriver/remote/errorhandler.py", line 242, in check_response
    raise exception_class(message, screen, stacktrace)
selenium.common.exceptions.ElementNotInteractableException: Message: Element <button id="shutdown" class="btn btn-default" type="button"> could not be scrolled into view</pre>
                    </div>
                    <div class="clearfix"></div>
                </div>
                <!--css div popup end-->
            </td>
        </tr>
    
    
    
        <tr id="et10.5" class="none bg-info">
            <td>
                <div class='testcase'>tearDownClass (test_pdf_metadata)</div>
            </td>
            <td colspan='6'>
                <div class="text-center">
                    <a class="popup_link text-center" onfocus='blur()' onclick="showTestDetail('div_et10.5')">ERROR</a>
                </div>
                <!--css div popup start-->
                <div id="div_et10.5" class="popup_window test_output" style="display:none;">
                    <div class='close_button pull-right'>
                        <button type="button" class="close" aria-label="Close" onfocus='this.blur();'
                                onclick='document.getElementById('div_et10.5').style.display='none'"><span
                                aria-hidden="true">&times;</span></button>
                    </div>
                    <div class="text-left pull-left">
                        <pre class="text-left">Traceback (most recent call last):
  File "/home/ozzie/Development/calibre-web-test/test/test_pdf_metadata.py", line 43, in tearDownClass
    cls.stop_calibre_web()
  File "/home/ozzie/Development/calibre-web-test/test/helper_ui.py", line 373, in stop_calibre_web
    cls.driver.find_element_by_id('admin_stop').click()
  File "/home/ozzie/Development/calibre-web-test/venv/lib/python3.8/site-packages/selenium/webdriver/remote/webdriver.py", line 360, in find_element_by_id
    return self.find_element(by=By.ID, value=id_)
  File "/home/ozzie/Development/calibre-web-test/venv/lib/python3.8/site-packages/selenium/webdriver/remote/webdriver.py", line 976, in find_element
    return self.execute(Command.FIND_ELEMENT, {
  File "/home/ozzie/Development/calibre-web-test/venv/lib/python3.8/site-packages/selenium/webdriver/remote/webdriver.py", line 321, in execute
    self.error_handler.check_response(response)
  File "/home/ozzie/Development/calibre-web-test/venv/lib/python3.8/site-packages/selenium/webdriver/remote/errorhandler.py", line 242, in check_response
    raise exception_class(message, screen, stacktrace)
selenium.common.exceptions.NoSuchElementException: Message: Unable to locate element: [id="admin_stop"]</pre>
                    </div>
                    <div class="clearfix"></div>
                </div>
                <!--css div popup end-->
            </td>
        </tr>
    
    
    
        <tr id="et10.6" class="none bg-info">
            <td>
                <div class='testcase'>tearDownClass (test_reader)</div>
            </td>
            <td colspan='6'>
                <div class="text-center">
                    <a class="popup_link text-center" onfocus='blur()' onclick="showTestDetail('div_et10.6')">ERROR</a>
                </div>
                <!--css div popup start-->
                <div id="div_et10.6" class="popup_window test_output" style="display:none;">
                    <div class='close_button pull-right'>
                        <button type="button" class="close" aria-label="Close" onfocus='this.blur();'
                                onclick='document.getElementById('div_et10.6').style.display='none'"><span
                                aria-hidden="true">&times;</span></button>
                    </div>
                    <div class="text-left pull-left">
                        <pre class="text-left">Traceback (most recent call last):
  File "/home/ozzie/Development/calibre-web-test/test/test_reader.py", line 42, in tearDownClass
    cls.stop_calibre_web()
  File "/home/ozzie/Development/calibre-web-test/test/helper_ui.py", line 373, in stop_calibre_web
    cls.driver.find_element_by_id('admin_stop').click()
  File "/home/ozzie/Development/calibre-web-test/venv/lib/python3.8/site-packages/selenium/webdriver/remote/webdriver.py", line 360, in find_element_by_id
    return self.find_element(by=By.ID, value=id_)
  File "/home/ozzie/Development/calibre-web-test/venv/lib/python3.8/site-packages/selenium/webdriver/remote/webdriver.py", line 976, in find_element
    return self.execute(Command.FIND_ELEMENT, {
  File "/home/ozzie/Development/calibre-web-test/venv/lib/python3.8/site-packages/selenium/webdriver/remote/webdriver.py", line 321, in execute
    self.error_handler.check_response(response)
  File "/home/ozzie/Development/calibre-web-test/venv/lib/python3.8/site-packages/selenium/webdriver/remote/errorhandler.py", line 242, in check_response
    raise exception_class(message, screen, stacktrace)
selenium.common.exceptions.NoSuchElementException: Message: Unable to locate element: [id="admin_stop"]</pre>
                    </div>
                    <div class="clearfix"></div>
                </div>
                <!--css div popup end-->
            </td>
        </tr>
    
    


    <tr id="su" class="errorClass">
        <td>TestEditBooks</td>
        <td class="text-center">33</td>
        <td class="text-center">12</td>
        <td class="text-center">4</td>
        <td class="text-center">15</td>
        <td class="text-center">2</td>
        <td class="text-center">
            <a onclick="showClassDetail('c11', 33)">Detail</a>
        </td>
    </tr>

    
    
        <tr id="ft11.1" class="none bg-danger">
            <td>
                <div class='testcase'>TestEditBooks - test_download_book</div>
            </td>
            <td colspan='6'>
                <div class="text-center">
                    <a class="popup_link text-center" onfocus='blur()' onclick="showTestDetail('div_ft11.1')">FAIL</a>
                </div>
                <!--css div popup start-->
                <div id="div_ft11.1" class="popup_window test_output" style="display:none;">
                    <div class='close_button pull-right'>
                        <button type="button" class="close" aria-label="Close" onfocus='this.blur();'
                                onclick='document.getElementById('div_ft11.1').style.display='none'"><span
                                aria-hidden="true">&times;</span></button>
                    </div>
                    <div class="text-left pull-left">
                        <pre class="text-left">Traceback (most recent call last):
  File "/home/ozzie/Development/calibre-web-test/test/test_edit_books.py", line 943, in test_download_book
    self.assertEqual(1, len(number_books[1]))
AssertionError: 1 != 0</pre>
                    </div>
                    <div class="clearfix"></div>
                </div>
                <!--css div popup end-->
            </td>
        </tr>
    
    
    
        <tr id="et11.2" class="none bg-info">
            <td>
                <div class='testcase'>TestEditBooks - test_edit_author</div>
            </td>
            <td colspan='6'>
                <div class="text-center">
                    <a class="popup_link text-center" onfocus='blur()' onclick="showTestDetail('div_et11.2')">ERROR</a>
                </div>
                <!--css div popup start-->
                <div id="div_et11.2" class="popup_window test_output" style="display:none;">
                    <div class='close_button pull-right'>
                        <button type="button" class="close" aria-label="Close" onfocus='this.blur();'
                                onclick='document.getElementById('div_et11.2').style.display='none'"><span
                                aria-hidden="true">&times;</span></button>
                    </div>
                    <div class="text-left pull-left">
                        <pre class="text-left">Traceback (most recent call last):
  File "/home/ozzie/Development/calibre-web-test/test/test_edit_books.py", line 204, in test_edit_author
    author = self.check_element_on_page((By.ID, "bookAuthor")).get_attribute('value')
AttributeError: 'bool' object has no attribute 'get_attribute'</pre>
                    </div>
                    <div class="clearfix"></div>
                </div>
                <!--css div popup end-->
            </td>
        </tr>
    
    
    
        <tr id="ft11.3" class="none bg-danger">
            <td>
                <div class='testcase'>TestEditBooks - test_edit_category</div>
            </td>
            <td colspan='6'>
                <div class="text-center">
                    <a class="popup_link text-center" onfocus='blur()' onclick="showTestDetail('div_ft11.3')">FAIL</a>
                </div>
                <!--css div popup start-->
                <div id="div_ft11.3" class="popup_window test_output" style="display:none;">
                    <div class='close_button pull-right'>
                        <button type="button" class="close" aria-label="Close" onfocus='this.blur();'
                                onclick='document.getElementById('div_ft11.3').style.display='none'"><span
                                aria-hidden="true">&times;</span></button>
                    </div>
                    <div class="text-left pull-left">
                        <pre class="text-left">Traceback (most recent call last):
  File "/home/ozzie/Development/calibre-web-test/test/test_edit_books.py", line 310, in test_edit_category
    self.assertEqual(u'Gnot', values['tag'][0])
AssertionError: 'Gnot' != 'Gnot & Peter'
- Gnot
+ Gnot & Peter</pre>
                    </div>
                    <div class="clearfix"></div>
                </div>
                <!--css div popup end-->
            </td>
        </tr>
    
    
    
        <tr id='pt11.4' class='hiddenRow bg-success'>
            <td>
                <div class='testcase'>TestEditBooks - test_edit_comments</div>
            </td>
            <td colspan='6' align='center'>PASS</td>
        </tr>
    
    
    
        <tr id='pt11.5' class='hiddenRow bg-success'>
            <td>
                <div class='testcase'>TestEditBooks - test_edit_custom_bool</div>
            </td>
            <td colspan='6' align='center'>PASS</td>
        </tr>
    
    
    
        <tr id='pt11.6' class='hiddenRow bg-success'>
            <td>
                <div class='testcase'>TestEditBooks - test_edit_custom_categories</div>
            </td>
            <td colspan='6' align='center'>PASS</td>
        </tr>
    
    
    
        <tr id='pt11.7' class='hiddenRow bg-success'>
            <td>
                <div class='testcase'>TestEditBooks - test_edit_custom_float</div>
            </td>
            <td colspan='6' align='center'>PASS</td>
        </tr>
    
    
    
        <tr id='pt11.8' class='hiddenRow bg-success'>
            <td>
                <div class='testcase'>TestEditBooks - test_edit_custom_int</div>
            </td>
            <td colspan='6' align='center'>PASS</td>
        </tr>
    
    
    
        <tr id='pt11.9' class='hiddenRow bg-success'>
            <td>
                <div class='testcase'>TestEditBooks - test_edit_custom_rating</div>
            </td>
            <td colspan='6' align='center'>PASS</td>
        </tr>
    
    
    
        <tr id='pt11.10' class='hiddenRow bg-success'>
            <td>
                <div class='testcase'>TestEditBooks - test_edit_custom_single_select</div>
            </td>
            <td colspan='6' align='center'>PASS</td>
        </tr>
    
    
    
        <tr id='pt11.11' class='hiddenRow bg-success'>
            <td>
                <div class='testcase'>TestEditBooks - test_edit_custom_text</div>
            </td>
            <td colspan='6' align='center'>PASS</td>
        </tr>
    
    
    
        <tr id="et11.12" class="none bg-info">
            <td>
                <div class='testcase'>TestEditBooks - test_edit_language</div>
            </td>
            <td colspan='6'>
                <div class="text-center">
                    <a class="popup_link text-center" onfocus='blur()' onclick="showTestDetail('div_et11.12')">ERROR</a>
                </div>
                <!--css div popup start-->
                <div id="div_et11.12" class="popup_window test_output" style="display:none;">
                    <div class='close_button pull-right'>
                        <button type="button" class="close" aria-label="Close" onfocus='this.blur();'
                                onclick='document.getElementById('div_et11.12').style.display='none'"><span
                                aria-hidden="true">&times;</span></button>
                    </div>
                    <div class="text-left pull-left">
                        <pre class="text-left">Traceback (most recent call last):
  File "/home/ozzie/Development/calibre-web-test/test/test_edit_books.py", line 367, in test_edit_language
    self.assertEqual(len(values['languages']), 1)
KeyError: 'languages'</pre>
                    </div>
                    <div class="clearfix"></div>
                </div>
                <!--css div popup end-->
            </td>
        </tr>
    
    
    
        <tr id="ft11.13" class="none bg-danger">
            <td>
                <div class='testcase'>TestEditBooks - test_edit_publisher</div>
            </td>
            <td colspan='6'>
                <div class="text-center">
                    <a class="popup_link text-center" onfocus='blur()' onclick="showTestDetail('div_ft11.13')">FAIL</a>
                </div>
                <!--css div popup start-->
                <div id="div_ft11.13" class="popup_window test_output" style="display:none;">
                    <div class='close_button pull-right'>
                        <button type="button" class="close" aria-label="Close" onfocus='this.blur();'
                                onclick='document.getElementById('div_ft11.13').style.display='none'"><span
                                aria-hidden="true">&times;</span></button>
                    </div>
                    <div class="text-left pull-left">
                        <pre class="text-left">Traceback (most recent call last):
  File "/home/ozzie/Development/calibre-web-test/test/test_edit_books.py", line 358, in test_edit_publisher
    self.assertEqual(u'Gnot', values['publisher'][0])
AssertionError: 'Gnot' != 'gnot'
- Gnot
? ^
+ gnot
? ^</pre>
                    </div>
                    <div class="clearfix"></div>
                </div>
                <!--css div popup end-->
            </td>
        </tr>
    
    
    
        <tr id="st11.14" class="none bg-warning">
            <td>
                <div class='testcase'>TestEditBooks - test_edit_publishing_date</div>
            </td>
            <td colspan='6'>
                <div class="text-center">
                    <a class="popup_link text-center" onfocus='blur()' onclick="showTestDetail('div_st11.14')">SKIP</a>
                </div>
                <!--css div popup start-->
                <div id="div_st11.14" class="popup_window test_output" style="display:none;">
                    <div class='close_button pull-right'>
                        <button type="button" class="close" aria-label="Close" onfocus='this.blur();'
                                onclick='document.getElementById('div_st11.14').style.display='none'"><span
                                aria-hidden="true">&times;</span></button>
                    </div>
                    <div class="text-left pull-left">
                        <pre class="text-left">Not Implemented</pre>
                    </div>
                    <div class="clearfix"></div>
                </div>
                <!--css div popup end-->
            </td>
        </tr>
    
    
    
        <tr id='pt11.15' class='hiddenRow bg-success'>
            <td>
                <div class='testcase'>TestEditBooks - test_edit_rating</div>
            </td>
            <td colspan='6' align='center'>PASS</td>
        </tr>
    
    
    
        <tr id="et11.16" class="none bg-info">
            <td>
                <div class='testcase'>TestEditBooks - test_edit_series</div>
            </td>
            <td colspan='6'>
                <div class="text-center">
                    <a class="popup_link text-center" onfocus='blur()' onclick="showTestDetail('div_et11.16')">ERROR</a>
                </div>
                <!--css div popup start-->
                <div id="div_et11.16" class="popup_window test_output" style="display:none;">
                    <div class='close_button pull-right'>
                        <button type="button" class="close" aria-label="Close" onfocus='this.blur();'
                                onclick='document.getElementById('div_et11.16').style.display='none'"><span
                                aria-hidden="true">&times;</span></button>
                    </div>
                    <div class="text-left pull-left">
                        <pre class="text-left">Traceback (most recent call last):
  File "/home/ozzie/Development/calibre-web-test/test/test_edit_books.py", line 262, in test_edit_series
    self.assertEqual(u'loko', values['series'])
KeyError: 'series'</pre>
                    </div>
                    <div class="clearfix"></div>
                </div>
                <!--css div popup end-->
            </td>
        </tr>
    
    
    
        <tr id='pt11.17' class='hiddenRow bg-success'>
            <td>
                <div class='testcase'>TestEditBooks - test_edit_title</div>
            </td>
            <td colspan='6' align='center'>PASS</td>
        </tr>
    
    
    
        <tr id="st11.18" class="none bg-warning">
            <td>
                <div class='testcase'>TestEditBooks - test_rename_uppercase_lowercase</div>
            </td>
            <td colspan='6'>
                <div class="text-center">
                    <a class="popup_link text-center" onfocus='blur()' onclick="showTestDetail('div_st11.18')">SKIP</a>
                </div>
                <!--css div popup start-->
                <div id="div_st11.18" class="popup_window test_output" style="display:none;">
                    <div class='close_button pull-right'>
                        <button type="button" class="close" aria-label="Close" onfocus='this.blur();'
                                onclick='document.getElementById('div_st11.18').style.display='none'"><span
                                aria-hidden="true">&times;</span></button>
                    </div>
                    <div class="text-left pull-left">
                        <pre class="text-left">Not Implemented</pre>
                    </div>
                    <div class="clearfix"></div>
                </div>
                <!--css div popup end-->
            </td>
        </tr>
    
    
    
        <tr id="et11.19" class="none bg-info">
            <td>
                <div class='testcase'>TestEditBooks - test_typeahead_author</div>
            </td>
            <td colspan='6'>
                <div class="text-center">
                    <a class="popup_link text-center" onfocus='blur()' onclick="showTestDetail('div_et11.19')">ERROR</a>
                </div>
                <!--css div popup start-->
                <div id="div_et11.19" class="popup_window test_output" style="display:none;">
                    <div class='close_button pull-right'>
                        <button type="button" class="close" aria-label="Close" onfocus='this.blur();'
                                onclick='document.getElementById('div_et11.19').style.display='none'"><span
                                aria-hidden="true">&times;</span></button>
                    </div>
                    <div class="text-left pull-left">
                        <pre class="text-left">Traceback (most recent call last):
  File "/home/ozzie/Development/calibre-web-test/test/test_edit_books.py", line 649, in test_typeahead_author
    self.assertEqual(details['author'][1], 'Frodo Beutlin')
IndexError: list index out of range</pre>
                    </div>
                    <div class="clearfix"></div>
                </div>
                <!--css div popup end-->
            </td>
        </tr>
    
    
    
        <tr id='pt11.20' class='hiddenRow bg-success'>
            <td>
                <div class='testcase'>TestEditBooks - test_typeahead_functions</div>
            </td>
            <td colspan='6' align='center'>PASS</td>
        </tr>
    
    
    
        <tr id='pt11.21' class='hiddenRow bg-success'>
            <td>
                <div class='testcase'>TestEditBooks - test_typeahead_language</div>
            </td>
            <td colspan='6' align='center'>PASS</td>
        </tr>
    
    
    
        <tr id="et11.22" class="none bg-info">
            <td>
                <div class='testcase'>TestEditBooks - test_typeahead_publisher</div>
            </td>
            <td colspan='6'>
                <div class="text-center">
                    <a class="popup_link text-center" onfocus='blur()' onclick="showTestDetail('div_et11.22')">ERROR</a>
                </div>
                <!--css div popup start-->
                <div id="div_et11.22" class="popup_window test_output" style="display:none;">
                    <div class='close_button pull-right'>
                        <button type="button" class="close" aria-label="Close" onfocus='this.blur();'
                                onclick='document.getElementById('div_et11.22').style.display='none'"><span
                                aria-hidden="true">&times;</span></button>
                    </div>
                    <div class="text-left pull-left">
                        <pre class="text-left">Traceback (most recent call last):
  File "/home/ozzie/Development/calibre-web-test/test/test_edit_books.py", line 692, in test_typeahead_publisher
    self.assertEqual(details['publisher'][0], 'Randomhus')
IndexError: list index out of range</pre>
                    </div>
                    <div class="clearfix"></div>
                </div>
                <!--css div popup end-->
            </td>
        </tr>
    
    
    
        <tr id="et11.23" class="none bg-info">
            <td>
                <div class='testcase'>TestEditBooks - test_typeahead_series</div>
            </td>
            <td colspan='6'>
                <div class="text-center">
                    <a class="popup_link text-center" onfocus='blur()' onclick="showTestDetail('div_et11.23')">ERROR</a>
                </div>
                <!--css div popup start-->
                <div id="div_et11.23" class="popup_window test_output" style="display:none;">
                    <div class='close_button pull-right'>
                        <button type="button" class="close" aria-label="Close" onfocus='this.blur();'
                                onclick='document.getElementById('div_et11.23').style.display='none'"><span
                                aria-hidden="true">&times;</span></button>
                    </div>
                    <div class="text-left pull-left">
                        <pre class="text-left">Traceback (most recent call last):
  File "/home/ozzie/Development/calibre-web-test/test/test_edit_books.py", line 625, in test_typeahead_series
    self.assertEqual(details['series'], 'Djngel')
KeyError: 'series'</pre>
                    </div>
                    <div class="clearfix"></div>
                </div>
                <!--css div popup end-->
            </td>
        </tr>
    
    
    
        <tr id="ft11.24" class="none bg-danger">
            <td>
                <div class='testcase'>TestEditBooks - test_typeahead_tag</div>
            </td>
            <td colspan='6'>
                <div class="text-center">
                    <a class="popup_link text-center" onfocus='blur()' onclick="showTestDetail('div_ft11.24')">FAIL</a>
                </div>
                <!--css div popup start-->
                <div id="div_ft11.24" class="popup_window test_output" style="display:none;">
                    <div class='close_button pull-right'>
                        <button type="button" class="close" aria-label="Close" onfocus='this.blur();'
                                onclick='document.getElementById('div_ft11.24').style.display='none'"><span
                                aria-hidden="true">&times;</span></button>
                    </div>
                    <div class="text-left pull-left">
                        <pre class="text-left">Traceback (most recent call last):
  File "/home/ozzie/Development/calibre-web-test/test/test_edit_books.py", line 664, in test_typeahead_tag
    self.assertEqual('Gnot', typeahead.text)
AssertionError: 'Gnot' != 'Gnot\nGnot & Peter'
- Gnot
+ Gnot
Gnot & Peter</pre>
                    </div>
                    <div class="clearfix"></div>
                </div>
                <!--css div popup end-->
            </td>
        </tr>
    
    
    
        <tr id="et11.25" class="none bg-info">
            <td>
                <div class='testcase'>TestEditBooks - test_upload_book_cbr</div>
            </td>
            <td colspan='6'>
                <div class="text-center">
                    <a class="popup_link text-center" onfocus='blur()' onclick="showTestDetail('div_et11.25')">ERROR</a>
                </div>
                <!--css div popup start-->
                <div id="div_et11.25" class="popup_window test_output" style="display:none;">
                    <div class='close_button pull-right'>
                        <button type="button" class="close" aria-label="Close" onfocus='this.blur();'
                                onclick='document.getElementById('div_et11.25').style.display='none'"><span
                                aria-hidden="true">&times;</span></button>
                    </div>
                    <div class="text-left pull-left">
                        <pre class="text-left">Traceback (most recent call last):
  File "/home/ozzie/Development/calibre-web-test/test/test_edit_books.py", line 905, in test_upload_book_cbr
    self.check_element_on_page((By.ID, 'edit_cancel')).click()
AttributeError: 'bool' object has no attribute 'click'</pre>
                    </div>
                    <div class="clearfix"></div>
                </div>
                <!--css div popup end-->
            </td>
        </tr>
    
    
    
        <tr id="et11.26" class="none bg-info">
            <td>
                <div class='testcase'>TestEditBooks - test_upload_book_cbt</div>
            </td>
            <td colspan='6'>
                <div class="text-center">
                    <a class="popup_link text-center" onfocus='blur()' onclick="showTestDetail('div_et11.26')">ERROR</a>
                </div>
                <!--css div popup start-->
                <div id="div_et11.26" class="popup_window test_output" style="display:none;">
                    <div class='close_button pull-right'>
                        <button type="button" class="close" aria-label="Close" onfocus='this.blur();'
                                onclick='document.getElementById('div_et11.26').style.display='none'"><span
                                aria-hidden="true">&times;</span></button>
                    </div>
                    <div class="text-left pull-left">
                        <pre class="text-left">Traceback (most recent call last):
  File "/home/ozzie/Development/calibre-web-test/test/test_edit_books.py", line 876, in test_upload_book_cbt
    self.fill_basic_config({'config_uploading':1})
  File "/home/ozzie/Development/calibre-web-test/test/helper_ui.py", line 285, in fill_basic_config
    cls.fill_initial_config(elements)
  File "/home/ozzie/Development/calibre-web-test/test/helper_ui.py", line 198, in fill_initial_config
    WebDriverWait(cls.driver, 5).until(EC.presence_of_element_located((By.ID, "config_calibre_dir")))
  File "/home/ozzie/Development/calibre-web-test/venv/lib/python3.8/site-packages/selenium/webdriver/support/wait.py", line 80, in until
    raise TimeoutException(message, screen, stacktrace)
selenium.common.exceptions.TimeoutException: Message:</pre>
                    </div>
                    <div class="clearfix"></div>
                </div>
                <!--css div popup end-->
            </td>
        </tr>
    
    
    
        <tr id="et11.27" class="none bg-info">
            <td>
                <div class='testcase'>TestEditBooks - test_upload_book_cbz</div>
            </td>
            <td colspan='6'>
                <div class="text-center">
                    <a class="popup_link text-center" onfocus='blur()' onclick="showTestDetail('div_et11.27')">ERROR</a>
                </div>
                <!--css div popup start-->
                <div id="div_et11.27" class="popup_window test_output" style="display:none;">
                    <div class='close_button pull-right'>
                        <button type="button" class="close" aria-label="Close" onfocus='this.blur();'
                                onclick='document.getElementById('div_et11.27').style.display='none'"><span
                                aria-hidden="true">&times;</span></button>
                    </div>
                    <div class="text-left pull-left">
                        <pre class="text-left">Traceback (most recent call last):
  File "/home/ozzie/Development/calibre-web-test/test/test_edit_books.py", line 854, in test_upload_book_cbz
    self.fill_basic_config({'config_uploading':1})
  File "/home/ozzie/Development/calibre-web-test/test/helper_ui.py", line 285, in fill_basic_config
    cls.fill_initial_config(elements)
  File "/home/ozzie/Development/calibre-web-test/test/helper_ui.py", line 198, in fill_initial_config
    WebDriverWait(cls.driver, 5).until(EC.presence_of_element_located((By.ID, "config_calibre_dir")))
  File "/home/ozzie/Development/calibre-web-test/venv/lib/python3.8/site-packages/selenium/webdriver/support/wait.py", line 80, in until
    raise TimeoutException(message, screen, stacktrace)
selenium.common.exceptions.TimeoutException: Message:</pre>
                    </div>
                    <div class="clearfix"></div>
                </div>
                <!--css div popup end-->
            </td>
        </tr>
    
    
    
        <tr id="et11.28" class="none bg-info">
            <td>
                <div class='testcase'>TestEditBooks - test_upload_book_epub</div>
            </td>
            <td colspan='6'>
                <div class="text-center">
                    <a class="popup_link text-center" onfocus='blur()' onclick="showTestDetail('div_et11.28')">ERROR</a>
                </div>
                <!--css div popup start-->
                <div id="div_et11.28" class="popup_window test_output" style="display:none;">
                    <div class='close_button pull-right'>
                        <button type="button" class="close" aria-label="Close" onfocus='this.blur();'
                                onclick='document.getElementById('div_et11.28').style.display='none'"><span
                                aria-hidden="true">&times;</span></button>
                    </div>
                    <div class="text-left pull-left">
                        <pre class="text-left">Traceback (most recent call last):
  File "/home/ozzie/Development/calibre-web-test/test/test_edit_books.py", line 833, in test_upload_book_epub
    self.fill_basic_config({'config_uploading':1})
  File "/home/ozzie/Development/calibre-web-test/test/helper_ui.py", line 285, in fill_basic_config
    cls.fill_initial_config(elements)
  File "/home/ozzie/Development/calibre-web-test/test/helper_ui.py", line 198, in fill_initial_config
    WebDriverWait(cls.driver, 5).until(EC.presence_of_element_located((By.ID, "config_calibre_dir")))
  File "/home/ozzie/Development/calibre-web-test/venv/lib/python3.8/site-packages/selenium/webdriver/support/wait.py", line 80, in until
    raise TimeoutException(message, screen, stacktrace)
selenium.common.exceptions.TimeoutException: Message:</pre>
                    </div>
                    <div class="clearfix"></div>
                </div>
                <!--css div popup end-->
            </td>
        </tr>
    
    
    
        <tr id="et11.29" class="none bg-info">
            <td>
                <div class='testcase'>TestEditBooks - test_upload_book_fb2</div>
            </td>
            <td colspan='6'>
                <div class="text-center">
                    <a class="popup_link text-center" onfocus='blur()' onclick="showTestDetail('div_et11.29')">ERROR</a>
                </div>
                <!--css div popup start-->
                <div id="div_et11.29" class="popup_window test_output" style="display:none;">
                    <div class='close_button pull-right'>
                        <button type="button" class="close" aria-label="Close" onfocus='this.blur();'
                                onclick='document.getElementById('div_et11.29').style.display='none'"><span
                                aria-hidden="true">&times;</span></button>
                    </div>
                    <div class="text-left pull-left">
                        <pre class="text-left">Traceback (most recent call last):
  File "/home/ozzie/Development/calibre-web-test/test/test_edit_books.py", line 767, in test_upload_book_fb2
    self.fill_basic_config({'config_uploading':1})
  File "/home/ozzie/Development/calibre-web-test/test/helper_ui.py", line 285, in fill_basic_config
    cls.fill_initial_config(elements)
  File "/home/ozzie/Development/calibre-web-test/test/helper_ui.py", line 198, in fill_initial_config
    WebDriverWait(cls.driver, 5).until(EC.presence_of_element_located((By.ID, "config_calibre_dir")))
  File "/home/ozzie/Development/calibre-web-test/venv/lib/python3.8/site-packages/selenium/webdriver/support/wait.py", line 80, in until
    raise TimeoutException(message, screen, stacktrace)
selenium.common.exceptions.TimeoutException: Message:</pre>
                    </div>
                    <div class="clearfix"></div>
                </div>
                <!--css div popup end-->
            </td>
        </tr>
    
    
    
        <tr id="et11.30" class="none bg-info">
            <td>
                <div class='testcase'>TestEditBooks - test_upload_book_lit</div>
            </td>
            <td colspan='6'>
                <div class="text-center">
                    <a class="popup_link text-center" onfocus='blur()' onclick="showTestDetail('div_et11.30')">ERROR</a>
                </div>
                <!--css div popup start-->
                <div id="div_et11.30" class="popup_window test_output" style="display:none;">
                    <div class='close_button pull-right'>
                        <button type="button" class="close" aria-label="Close" onfocus='this.blur();'
                                onclick='document.getElementById('div_et11.30').style.display='none'"><span
                                aria-hidden="true">&times;</span></button>
                    </div>
                    <div class="text-left pull-left">
                        <pre class="text-left">Traceback (most recent call last):
  File "/home/ozzie/Development/calibre-web-test/test/test_edit_books.py", line 789, in test_upload_book_lit
    self.fill_basic_config({'config_uploading':1})
  File "/home/ozzie/Development/calibre-web-test/test/helper_ui.py", line 285, in fill_basic_config
    cls.fill_initial_config(elements)
  File "/home/ozzie/Development/calibre-web-test/test/helper_ui.py", line 198, in fill_initial_config
    WebDriverWait(cls.driver, 5).until(EC.presence_of_element_located((By.ID, "config_calibre_dir")))
  File "/home/ozzie/Development/calibre-web-test/venv/lib/python3.8/site-packages/selenium/webdriver/support/wait.py", line 80, in until
    raise TimeoutException(message, screen, stacktrace)
selenium.common.exceptions.TimeoutException: Message:</pre>
                    </div>
                    <div class="clearfix"></div>
                </div>
                <!--css div popup end-->
            </td>
        </tr>
    
    
    
        <tr id="et11.31" class="none bg-info">
            <td>
                <div class='testcase'>TestEditBooks - test_upload_book_mobi</div>
            </td>
            <td colspan='6'>
                <div class="text-center">
                    <a class="popup_link text-center" onfocus='blur()' onclick="showTestDetail('div_et11.31')">ERROR</a>
                </div>
                <!--css div popup start-->
                <div id="div_et11.31" class="popup_window test_output" style="display:none;">
                    <div class='close_button pull-right'>
                        <button type="button" class="close" aria-label="Close" onfocus='this.blur();'
                                onclick='document.getElementById('div_et11.31').style.display='none'"><span
                                aria-hidden="true">&times;</span></button>
                    </div>
                    <div class="text-left pull-left">
                        <pre class="text-left">Traceback (most recent call last):
  File "/home/ozzie/Development/calibre-web-test/test/test_edit_books.py", line 811, in test_upload_book_mobi
    self.fill_basic_config({'config_uploading':1})
  File "/home/ozzie/Development/calibre-web-test/test/helper_ui.py", line 285, in fill_basic_config
    cls.fill_initial_config(elements)
  File "/home/ozzie/Development/calibre-web-test/test/helper_ui.py", line 198, in fill_initial_config
    WebDriverWait(cls.driver, 5).until(EC.presence_of_element_located((By.ID, "config_calibre_dir")))
  File "/home/ozzie/Development/calibre-web-test/venv/lib/python3.8/site-packages/selenium/webdriver/support/wait.py", line 80, in until
    raise TimeoutException(message, screen, stacktrace)
selenium.common.exceptions.TimeoutException: Message:</pre>
                    </div>
                    <div class="clearfix"></div>
                </div>
                <!--css div popup end-->
            </td>
        </tr>
    
    
    
        <tr id="et11.32" class="none bg-info">
            <td>
                <div class='testcase'>TestEditBooks - test_upload_book_pdf</div>
            </td>
            <td colspan='6'>
                <div class="text-center">
                    <a class="popup_link text-center" onfocus='blur()' onclick="showTestDetail('div_et11.32')">ERROR</a>
                </div>
                <!--css div popup start-->
                <div id="div_et11.32" class="popup_window test_output" style="display:none;">
                    <div class='close_button pull-right'>
                        <button type="button" class="close" aria-label="Close" onfocus='this.blur();'
                                onclick='document.getElementById('div_et11.32').style.display='none'"><span
                                aria-hidden="true">&times;</span></button>
                    </div>
                    <div class="text-left pull-left">
                        <pre class="text-left">Traceback (most recent call last):
  File "/home/ozzie/Development/calibre-web-test/test/test_edit_books.py", line 745, in test_upload_book_pdf
    self.fill_basic_config({'config_uploading':1})
  File "/home/ozzie/Development/calibre-web-test/test/helper_ui.py", line 285, in fill_basic_config
    cls.fill_initial_config(elements)
  File "/home/ozzie/Development/calibre-web-test/test/helper_ui.py", line 198, in fill_initial_config
    WebDriverWait(cls.driver, 5).until(EC.presence_of_element_located((By.ID, "config_calibre_dir")))
  File "/home/ozzie/Development/calibre-web-test/venv/lib/python3.8/site-packages/selenium/webdriver/support/wait.py", line 80, in until
    raise TimeoutException(message, screen, stacktrace)
selenium.common.exceptions.TimeoutException: Message:</pre>
                    </div>
                    <div class="clearfix"></div>
                </div>
                <!--css div popup end-->
            </td>
        </tr>
    
    
    
        <tr id="et11.33" class="none bg-info">
            <td>
                <div class='testcase'>TestEditBooks - test_upload_cover_hdd</div>
            </td>
            <td colspan='6'>
                <div class="text-center">
                    <a class="popup_link text-center" onfocus='blur()' onclick="showTestDetail('div_et11.33')">ERROR</a>
                </div>
                <!--css div popup start-->
                <div id="div_et11.33" class="popup_window test_output" style="display:none;">
                    <div class='close_button pull-right'>
                        <button type="button" class="close" aria-label="Close" onfocus='this.blur();'
                                onclick='document.getElementById('div_et11.33').style.display='none'"><span
                                aria-hidden="true">&times;</span></button>
                    </div>
                    <div class="text-left pull-left">
                        <pre class="text-left">Traceback (most recent call last):
  File "/home/ozzie/Development/calibre-web-test/test/test_edit_books.py", line 698, in test_upload_cover_hdd
    self.fill_basic_config({'config_uploading': 1})
  File "/home/ozzie/Development/calibre-web-test/test/helper_ui.py", line 285, in fill_basic_config
    cls.fill_initial_config(elements)
  File "/home/ozzie/Development/calibre-web-test/test/helper_ui.py", line 198, in fill_initial_config
    WebDriverWait(cls.driver, 5).until(EC.presence_of_element_located((By.ID, "config_calibre_dir")))
  File "/home/ozzie/Development/calibre-web-test/venv/lib/python3.8/site-packages/selenium/webdriver/support/wait.py", line 80, in until
    raise TimeoutException(message, screen, stacktrace)
selenium.common.exceptions.TimeoutException: Message:</pre>
                    </div>
                    <div class="clearfix"></div>
                </div>
                <!--css div popup end-->
            </td>
        </tr>
    
    


    <tr id="su" class="passClass">
        <td>TestEditBooksList</td>
        <td class="text-center">3</td>
        <td class="text-center">3</td>
        <td class="text-center">0</td>
        <td class="text-center">0</td>
        <td class="text-center">0</td>
        <td class="text-center">
            <a onclick="showClassDetail('c12', 3)">Detail</a>
        </td>
    </tr>

    
    
        <tr id='pt12.1' class='hiddenRow bg-success'>
            <td>
                <div class='testcase'>TestEditBooksList - test_edit_books_list</div>
            </td>
            <td colspan='6' align='center'>PASS</td>
        </tr>
    
    
    
        <tr id='pt12.2' class='hiddenRow bg-success'>
            <td>
                <div class='testcase'>TestEditBooksList - test_list_visibility</div>
            </td>
            <td colspan='6' align='center'>PASS</td>
        </tr>
    
    
    
        <tr id='pt12.3' class='hiddenRow bg-success'>
            <td>
                <div class='testcase'>TestEditBooksList - test_merge_book</div>
            </td>
            <td colspan='6' align='center'>PASS</td>
        </tr>
    
    


    <tr id="su" class="errorClass">
        <td>TestEditBooksOnGdrive</td>
        <td class="text-center">20</td>
        <td class="text-center">10</td>
        <td class="text-center">4</td>
        <td class="text-center">6</td>
        <td class="text-center">0</td>
        <td class="text-center">
            <a onclick="showClassDetail('c13', 20)">Detail</a>
        </td>
    </tr>

    
    
        <tr id="ft13.1" class="none bg-danger">
            <td>
                <div class='testcase'>TestEditBooksOnGdrive - test_download_book</div>
            </td>
            <td colspan='6'>
                <div class="text-center">
                    <a class="popup_link text-center" onfocus='blur()' onclick="showTestDetail('div_ft13.1')">FAIL</a>
                </div>
                <!--css div popup start-->
                <div id="div_ft13.1" class="popup_window test_output" style="display:none;">
                    <div class='close_button pull-right'>
                        <button type="button" class="close" aria-label="Close" onfocus='this.blur();'
                                onclick='document.getElementById('div_ft13.1').style.display='none'"><span
                                aria-hidden="true">&times;</span></button>
                    </div>
                    <div class="text-left pull-left">
                        <pre class="text-left">Traceback (most recent call last):
  File "/home/ozzie/Development/calibre-web-test/test/test_edit_ebooks_gdrive.py", line 813, in test_download_book
    self.assertEqual(1, len(number_books[1]))
AssertionError: 1 != 0</pre>
                    </div>
                    <div class="clearfix"></div>
                </div>
                <!--css div popup end-->
            </td>
        </tr>
    
    
    
        <tr id="et13.2" class="none bg-info">
            <td>
                <div class='testcase'>TestEditBooksOnGdrive - test_edit_author</div>
            </td>
            <td colspan='6'>
                <div class="text-center">
                    <a class="popup_link text-center" onfocus='blur()' onclick="showTestDetail('div_et13.2')">ERROR</a>
                </div>
                <!--css div popup start-->
                <div id="div_et13.2" class="popup_window test_output" style="display:none;">
                    <div class='close_button pull-right'>
                        <button type="button" class="close" aria-label="Close" onfocus='this.blur();'
                                onclick='document.getElementById('div_et13.2').style.display='none'"><span
                                aria-hidden="true">&times;</span></button>
                    </div>
                    <div class="text-left pull-left">
                        <pre class="text-left">Traceback (most recent call last):
  File "/home/ozzie/Development/calibre-web-test/test/test_edit_ebooks_gdrive.py", line 322, in test_edit_author
    author = self.check_element_on_page((By.ID, "bookAuthor")).get_attribute('value')
AttributeError: 'bool' object has no attribute 'get_attribute'</pre>
                    </div>
                    <div class="clearfix"></div>
                </div>
                <!--css div popup end-->
            </td>
        </tr>
    
    
    
        <tr id="ft13.3" class="none bg-danger">
            <td>
                <div class='testcase'>TestEditBooksOnGdrive - test_edit_category</div>
            </td>
            <td colspan='6'>
                <div class="text-center">
                    <a class="popup_link text-center" onfocus='blur()' onclick="showTestDetail('div_ft13.3')">FAIL</a>
                </div>
                <!--css div popup start-->
                <div id="div_ft13.3" class="popup_window test_output" style="display:none;">
                    <div class='close_button pull-right'>
                        <button type="button" class="close" aria-label="Close" onfocus='this.blur();'
                                onclick='document.getElementById('div_ft13.3').style.display='none'"><span
                                aria-hidden="true">&times;</span></button>
                    </div>
                    <div class="text-left pull-left">
                        <pre class="text-left">Traceback (most recent call last):
  File "/home/ozzie/Development/calibre-web-test/test/test_edit_ebooks_gdrive.py", line 457, in test_edit_category
    self.assertEqual(u'Gnot', values['tag'][0])
AssertionError: 'Gnot' != 'Gnot & Peter'
- Gnot
+ Gnot & Peter</pre>
                    </div>
                    <div class="clearfix"></div>
                </div>
                <!--css div popup end-->
            </td>
        </tr>
    
    
    
        <tr id='pt13.4' class='hiddenRow bg-success'>
            <td>
                <div class='testcase'>TestEditBooksOnGdrive - test_edit_comments</div>
            </td>
            <td colspan='6' align='center'>PASS</td>
        </tr>
    
    
    
        <tr id='pt13.5' class='hiddenRow bg-success'>
            <td>
                <div class='testcase'>TestEditBooksOnGdrive - test_edit_custom_bool</div>
            </td>
            <td colspan='6' align='center'>PASS</td>
        </tr>
    
    
    
        <tr id='pt13.6' class='hiddenRow bg-success'>
            <td>
                <div class='testcase'>TestEditBooksOnGdrive - test_edit_custom_categories</div>
            </td>
            <td colspan='6' align='center'>PASS</td>
        </tr>
    
    
    
        <tr id='pt13.7' class='hiddenRow bg-success'>
            <td>
                <div class='testcase'>TestEditBooksOnGdrive - test_edit_custom_float</div>
            </td>
            <td colspan='6' align='center'>PASS</td>
        </tr>
    
    
    
        <tr id='pt13.8' class='hiddenRow bg-success'>
            <td>
                <div class='testcase'>TestEditBooksOnGdrive - test_edit_custom_int</div>
            </td>
            <td colspan='6' align='center'>PASS</td>
        </tr>
    
    
    
        <tr id='pt13.9' class='hiddenRow bg-success'>
            <td>
                <div class='testcase'>TestEditBooksOnGdrive - test_edit_custom_rating</div>
            </td>
            <td colspan='6' align='center'>PASS</td>
        </tr>
    
    
    
        <tr id='pt13.10' class='hiddenRow bg-success'>
            <td>
                <div class='testcase'>TestEditBooksOnGdrive - test_edit_custom_single_select</div>
            </td>
            <td colspan='6' align='center'>PASS</td>
        </tr>
    
    
    
        <tr id='pt13.11' class='hiddenRow bg-success'>
            <td>
                <div class='testcase'>TestEditBooksOnGdrive - test_edit_custom_text</div>
            </td>
            <td colspan='6' align='center'>PASS</td>
        </tr>
    
    
    
        <tr id="et13.12" class="none bg-info">
            <td>
                <div class='testcase'>TestEditBooksOnGdrive - test_edit_language</div>
            </td>
            <td colspan='6'>
                <div class="text-center">
                    <a class="popup_link text-center" onfocus='blur()' onclick="showTestDetail('div_et13.12')">ERROR</a>
                </div>
                <!--css div popup start-->
                <div id="div_et13.12" class="popup_window test_output" style="display:none;">
                    <div class='close_button pull-right'>
                        <button type="button" class="close" aria-label="Close" onfocus='this.blur();'
                                onclick='document.getElementById('div_et13.12').style.display='none'"><span
                                aria-hidden="true">&times;</span></button>
                    </div>
                    <div class="text-left pull-left">
                        <pre class="text-left">Traceback (most recent call last):
  File "/home/ozzie/Development/calibre-web-test/test/test_edit_ebooks_gdrive.py", line 516, in test_edit_language
    self.assertEqual(len(values['languages']), 1)
KeyError: 'languages'</pre>
                    </div>
                    <div class="clearfix"></div>
                </div>
                <!--css div popup end-->
            </td>
        </tr>
    
    
    
        <tr id="ft13.13" class="none bg-danger">
            <td>
                <div class='testcase'>TestEditBooksOnGdrive - test_edit_publisher</div>
            </td>
            <td colspan='6'>
                <div class="text-center">
                    <a class="popup_link text-center" onfocus='blur()' onclick="showTestDetail('div_ft13.13')">FAIL</a>
                </div>
                <!--css div popup start-->
                <div id="div_ft13.13" class="popup_window test_output" style="display:none;">
                    <div class='close_button pull-right'>
                        <button type="button" class="close" aria-label="Close" onfocus='this.blur();'
                                onclick='document.getElementById('div_ft13.13').style.display='none'"><span
                                aria-hidden="true">&times;</span></button>
                    </div>
                    <div class="text-left pull-left">
                        <pre class="text-left">Traceback (most recent call last):
  File "/home/ozzie/Development/calibre-web-test/test/test_edit_ebooks_gdrive.py", line 507, in test_edit_publisher
    self.assertEqual(u'Gnot', values['publisher'][0])
AssertionError: 'Gnot' != 'gnot'
- Gnot
? ^
+ gnot
? ^</pre>
                    </div>
                    <div class="clearfix"></div>
                </div>
                <!--css div popup end-->
            </td>
        </tr>
    
    
    
        <tr id='pt13.14' class='hiddenRow bg-success'>
            <td>
                <div class='testcase'>TestEditBooksOnGdrive - test_edit_rating</div>
            </td>
            <td colspan='6' align='center'>PASS</td>
        </tr>
    
    
    
        <tr id="et13.15" class="none bg-info">
            <td>
                <div class='testcase'>TestEditBooksOnGdrive - test_edit_series</div>
            </td>
            <td colspan='6'>
                <div class="text-center">
                    <a class="popup_link text-center" onfocus='blur()' onclick="showTestDetail('div_et13.15')">ERROR</a>
                </div>
                <!--css div popup start-->
                <div id="div_et13.15" class="popup_window test_output" style="display:none;">
                    <div class='close_button pull-right'>
                        <button type="button" class="close" aria-label="Close" onfocus='this.blur();'
                                onclick='document.getElementById('div_et13.15').style.display='none'"><span
                                aria-hidden="true">&times;</span></button>
                    </div>
                    <div class="text-left pull-left">
                        <pre class="text-left">Traceback (most recent call last):
  File "/home/ozzie/Development/calibre-web-test/test/test_edit_ebooks_gdrive.py", line 408, in test_edit_series
    self.assertEqual(u'loko', values['series'])
KeyError: 'series'</pre>
                    </div>
                    <div class="clearfix"></div>
                </div>
                <!--css div popup end-->
            </td>
        </tr>
    
    
    
        <tr id='pt13.16' class='hiddenRow bg-success'>
            <td>
                <div class='testcase'>TestEditBooksOnGdrive - test_edit_title</div>
            </td>
            <td colspan='6' align='center'>PASS</td>
        </tr>
    
    
    
        <tr id="et13.17" class="none bg-info">
            <td>
                <div class='testcase'>TestEditBooksOnGdrive - test_upload_book_epub</div>
            </td>
            <td colspan='6'>
                <div class="text-center">
                    <a class="popup_link text-center" onfocus='blur()' onclick="showTestDetail('div_et13.17')">ERROR</a>
                </div>
                <!--css div popup start-->
                <div id="div_et13.17" class="popup_window test_output" style="display:none;">
                    <div class='close_button pull-right'>
                        <button type="button" class="close" aria-label="Close" onfocus='this.blur();'
                                onclick='document.getElementById('div_et13.17').style.display='none'"><span
                                aria-hidden="true">&times;</span></button>
                    </div>
                    <div class="text-left pull-left">
                        <pre class="text-left">Traceback (most recent call last):
  File "/home/ozzie/Development/calibre-web-test/test/test_edit_ebooks_gdrive.py", line 775, in test_upload_book_epub
    self.check_element_on_page((By.ID, 'edit_cancel')).click()
AttributeError: 'bool' object has no attribute 'click'</pre>
                    </div>
                    <div class="clearfix"></div>
                </div>
                <!--css div popup end-->
            </td>
        </tr>
    
    
    
        <tr id="et13.18" class="none bg-info">
            <td>
                <div class='testcase'>TestEditBooksOnGdrive - test_upload_book_lit</div>
            </td>
            <td colspan='6'>
                <div class="text-center">
                    <a class="popup_link text-center" onfocus='blur()' onclick="showTestDetail('div_et13.18')">ERROR</a>
                </div>
                <!--css div popup start-->
                <div id="div_et13.18" class="popup_window test_output" style="display:none;">
                    <div class='close_button pull-right'>
                        <button type="button" class="close" aria-label="Close" onfocus='this.blur();'
                                onclick='document.getElementById('div_et13.18').style.display='none'"><span
                                aria-hidden="true">&times;</span></button>
                    </div>
                    <div class="text-left pull-left">
                        <pre class="text-left">Traceback (most recent call last):
  File "/home/ozzie/Development/calibre-web-test/test/test_edit_ebooks_gdrive.py", line 746, in test_upload_book_lit
    self.fill_basic_config({'config_uploading':1})
  File "/home/ozzie/Development/calibre-web-test/test/helper_ui.py", line 285, in fill_basic_config
    cls.fill_initial_config(elements)
  File "/home/ozzie/Development/calibre-web-test/test/helper_ui.py", line 198, in fill_initial_config
    WebDriverWait(cls.driver, 5).until(EC.presence_of_element_located((By.ID, "config_calibre_dir")))
  File "/home/ozzie/Development/calibre-web-test/venv/lib/python3.8/site-packages/selenium/webdriver/support/wait.py", line 80, in until
    raise TimeoutException(message, screen, stacktrace)
selenium.common.exceptions.TimeoutException: Message:</pre>
                    </div>
                    <div class="clearfix"></div>
                </div>
                <!--css div popup end-->
            </td>
        </tr>
    
    
    
        <tr id="et13.19" class="none bg-info">
            <td>
                <div class='testcase'>TestEditBooksOnGdrive - test_upload_cover_hdd</div>
            </td>
            <td colspan='6'>
                <div class="text-center">
                    <a class="popup_link text-center" onfocus='blur()' onclick="showTestDetail('div_et13.19')">ERROR</a>
                </div>
                <!--css div popup start-->
                <div id="div_et13.19" class="popup_window test_output" style="display:none;">
                    <div class='close_button pull-right'>
                        <button type="button" class="close" aria-label="Close" onfocus='this.blur();'
                                onclick='document.getElementById('div_et13.19').style.display='none'"><span
                                aria-hidden="true">&times;</span></button>
                    </div>
                    <div class="text-left pull-left">
                        <pre class="text-left">Traceback (most recent call last):
  File "/home/ozzie/Development/calibre-web-test/test/test_edit_ebooks_gdrive.py", line 697, in test_upload_cover_hdd
    self.fill_basic_config({'config_uploading': 1})
  File "/home/ozzie/Development/calibre-web-test/test/helper_ui.py", line 285, in fill_basic_config
    cls.fill_initial_config(elements)
  File "/home/ozzie/Development/calibre-web-test/test/helper_ui.py", line 198, in fill_initial_config
    WebDriverWait(cls.driver, 5).until(EC.presence_of_element_located((By.ID, "config_calibre_dir")))
  File "/home/ozzie/Development/calibre-web-test/venv/lib/python3.8/site-packages/selenium/webdriver/support/wait.py", line 80, in until
    raise TimeoutException(message, screen, stacktrace)
selenium.common.exceptions.TimeoutException: Message:</pre>
                    </div>
                    <div class="clearfix"></div>
                </div>
                <!--css div popup end-->
            </td>
        </tr>
    
    
    
        <tr id="ft13.20" class="none bg-danger">
            <td>
                <div class='testcase'>TestEditBooksOnGdrive - test_watch_metadata</div>
            </td>
            <td colspan='6'>
                <div class="text-center">
                    <a class="popup_link text-center" onfocus='blur()' onclick="showTestDetail('div_ft13.20')">FAIL</a>
                </div>
                <!--css div popup start-->
                <div id="div_ft13.20" class="popup_window test_output" style="display:none;">
                    <div class='close_button pull-right'>
                        <button type="button" class="close" aria-label="Close" onfocus='this.blur();'
                                onclick='document.getElementById('div_ft13.20').style.display='none'"><span
                                aria-hidden="true">&times;</span></button>
                    </div>
                    <div class="text-left pull-left">
                        <pre class="text-left">Traceback (most recent call last):
  File "/home/ozzie/Development/calibre-web-test/test/test_edit_ebooks_gdrive.py", line 820, in test_watch_metadata
    self.assertTrue(button)
AssertionError: False is not true</pre>
                    </div>
                    <div class="clearfix"></div>
                </div>
                <!--css div popup end-->
            </td>
        </tr>
    
    


    <tr id="su" class="passClass">
        <td>TestSTARTTLS</td>
        <td class="text-center">3</td>
        <td class="text-center">3</td>
        <td class="text-center">0</td>
        <td class="text-center">0</td>
        <td class="text-center">0</td>
        <td class="text-center">
            <a onclick="showClassDetail('c14', 3)">Detail</a>
        </td>
    </tr>

    
    
        <tr id='pt14.1' class='hiddenRow bg-success'>
            <td>
                <div class='testcase'>TestSTARTTLS - test_STARTTLS</div>
            </td>
            <td colspan='6' align='center'>PASS</td>
        </tr>
    
    
    
        <tr id='pt14.2' class='hiddenRow bg-success'>
            <td>
                <div class='testcase'>TestSTARTTLS - test_STARTTLS_SSL_setup_error</div>
            </td>
            <td colspan='6' align='center'>PASS</td>
        </tr>
    
    
    
        <tr id='pt14.3' class='hiddenRow bg-success'>
            <td>
                <div class='testcase'>TestSTARTTLS - test_STARTTLS_resend_password</div>
            </td>
            <td colspan='6' align='center'>PASS</td>
        </tr>
    
    


    <tr id="su" class="errorClass">
        <td>TestSSL</td>
        <td class="text-center">5</td>
        <td class="text-center">4</td>
        <td class="text-center">0</td>
        <td class="text-center">1</td>
        <td class="text-center">0</td>
        <td class="text-center">
            <a onclick="showClassDetail('c15', 5)">Detail</a>
        </td>
    </tr>

    
    
        <tr id='pt15.1' class='hiddenRow bg-success'>
            <td>
                <div class='testcase'>TestSSL - test_SSL_None_setup_error</div>
            </td>
            <td colspan='6' align='center'>PASS</td>
        </tr>
    
    
    
        <tr id='pt15.2' class='hiddenRow bg-success'>
            <td>
                <div class='testcase'>TestSSL - test_SSL_STARTTLS_setup_error</div>
            </td>
            <td colspan='6' align='center'>PASS</td>
        </tr>
    
    
    
        <tr id='pt15.3' class='hiddenRow bg-success'>
            <td>
                <div class='testcase'>TestSSL - test_SSL_logging_email</div>
            </td>
            <td colspan='6' align='center'>PASS</td>
        </tr>
    
    
    
        <tr id='pt15.4' class='hiddenRow bg-success'>
            <td>
                <div class='testcase'>TestSSL - test_SSL_only</div>
            </td>
            <td colspan='6' align='center'>PASS</td>
        </tr>
    
    
    
        <tr id="et15.5" class="none bg-info">
            <td>
                <div class='testcase'>TestSSL - test_email_limit</div>
            </td>
            <td colspan='6'>
                <div class="text-center">
                    <a class="popup_link text-center" onfocus='blur()' onclick="showTestDetail('div_et15.5')">ERROR</a>
                </div>
                <!--css div popup start-->
                <div id="div_et15.5" class="popup_window test_output" style="display:none;">
                    <div class='close_button pull-right'>
                        <button type="button" class="close" aria-label="Close" onfocus='this.blur();'
                                onclick='document.getElementById('div_et15.5').style.display='none'"><span
                                aria-hidden="true">&times;</span></button>
                    </div>
                    <div class="text-left pull-left">
                        <pre class="text-left">Traceback (most recent call last):
  File "/home/ozzie/Development/calibre-web-test/test/test_email_ssl.py", line 154, in test_email_limit
    self.check_element_on_page((By.ID, 'edit_cancel')).click()
AttributeError: 'bool' object has no attribute 'click'</pre>
                    </div>
                    <div class="clearfix"></div>
                </div>
                <!--css div popup end-->
            </td>
        </tr>
    
    


    <tr id="su" class="passClass">
        <td>TestFilePicker</td>
        <td class="text-center">3</td>
        <td class="text-center">3</td>
        <td class="text-center">0</td>
        <td class="text-center">0</td>
        <td class="text-center">0</td>
        <td class="text-center">
            <a onclick="showClassDetail('c16', 3)">Detail</a>
        </td>
    </tr>

    
    
        <tr id='pt16.1' class='hiddenRow bg-success'>
            <td>
                <div class='testcase'>TestFilePicker - test_filepicker_all_file</div>
            </td>
            <td colspan='6' align='center'>PASS</td>
        </tr>
    
    
    
        <tr id='pt16.2' class='hiddenRow bg-success'>
            <td>
                <div class='testcase'>TestFilePicker - test_filepicker_limited_file</div>
            </td>
            <td colspan='6' align='center'>PASS</td>
        </tr>
    
    
    
        <tr id='pt16.3' class='hiddenRow bg-success'>
            <td>
                <div class='testcase'>TestFilePicker - test_filepicker_new_file</div>
            </td>
            <td colspan='6' align='center'>PASS</td>
        </tr>
    
    


    <tr id="su" class="passClass">
        <td>TestSetupGdrive</td>
        <td class="text-center">1</td>
        <td class="text-center">1</td>
        <td class="text-center">0</td>
        <td class="text-center">0</td>
        <td class="text-center">0</td>
        <td class="text-center">
            <a onclick="showClassDetail('c17', 1)">Detail</a>
        </td>
    </tr>

    
    
        <tr id='pt17.1' class='hiddenRow bg-success'>
            <td>
                <div class='testcase'>TestSetupGdrive - test_config_gdrive</div>
            </td>
            <td colspan='6' align='center'>PASS</td>
        </tr>
    
    


    <tr id="su" class="passClass">
        <td>TestGoodreads</td>
        <td class="text-center">3</td>
        <td class="text-center">3</td>
        <td class="text-center">0</td>
        <td class="text-center">0</td>
        <td class="text-center">0</td>
        <td class="text-center">
            <a onclick="showClassDetail('c18', 3)">Detail</a>
        </td>
    </tr>

    
    
        <tr id='pt18.1' class='hiddenRow bg-success'>
            <td>
                <div class='testcase'>TestGoodreads - test_author_page</div>
            </td>
            <td colspan='6' align='center'>PASS</td>
        </tr>
    
    
    
        <tr id='pt18.2' class='hiddenRow bg-success'>
            <td>
                <div class='testcase'>TestGoodreads - test_author_page_invalid</div>
            </td>
            <td colspan='6' align='center'>PASS</td>
        </tr>
    
    
    
        <tr id='pt18.3' class='hiddenRow bg-success'>
            <td>
                <div class='testcase'>TestGoodreads - test_goodreads_about</div>
            </td>
            <td colspan='6' align='center'>PASS</td>
        </tr>
    
    


    <tr id="su" class="errorClass">
        <td>TestKoboSync</td>
        <td class="text-center">9</td>
        <td class="text-center">8</td>
        <td class="text-center">0</td>
        <td class="text-center">1</td>
        <td class="text-center">0</td>
        <td class="text-center">
            <a onclick="showClassDetail('c19', 9)">Detail</a>
        </td>
    </tr>

    
    
        <tr id='pt19.1' class='hiddenRow bg-success'>
            <td>
                <div class='testcase'>TestKoboSync - test_book_download</div>
            </td>
            <td colspan='6' align='center'>PASS</td>
        </tr>
    
    
    
        <tr id='pt19.2' class='hiddenRow bg-success'>
            <td>
                <div class='testcase'>TestKoboSync - test_kobo_about</div>
            </td>
            <td colspan='6' align='center'>PASS</td>
        </tr>
    
    
    
        <tr id='pt19.3' class='hiddenRow bg-success'>
            <td>
                <div class='testcase'>TestKoboSync - test_shelves_add_remove_books</div>
            </td>
            <td colspan='6' align='center'>PASS</td>
        </tr>
    
    
    
        <tr id='pt19.4' class='hiddenRow bg-success'>
            <td>
                <div class='testcase'>TestKoboSync - test_sync_changed_book</div>
            </td>
            <td colspan='6' align='center'>PASS</td>
        </tr>
    
    
    
        <tr id='pt19.5' class='hiddenRow bg-success'>
            <td>
                <div class='testcase'>TestKoboSync - test_sync_invalid</div>
            </td>
            <td colspan='6' align='center'>PASS</td>
        </tr>
    
    
    
        <tr id='pt19.6' class='hiddenRow bg-success'>
            <td>
                <div class='testcase'>TestKoboSync - test_sync_reading_state</div>
            </td>
            <td colspan='6' align='center'>PASS</td>
        </tr>
    
    
    
        <tr id='pt19.7' class='hiddenRow bg-success'>
            <td>
                <div class='testcase'>TestKoboSync - test_sync_shelf</div>
            </td>
            <td colspan='6' align='center'>PASS</td>
        </tr>
    
    
    
        <tr id='pt19.8' class='hiddenRow bg-success'>
            <td>
                <div class='testcase'>TestKoboSync - test_sync_unchanged</div>
            </td>
            <td colspan='6' align='center'>PASS</td>
        </tr>
    
    
    
        <tr id="et19.9" class="none bg-info">
            <td>
                <div class='testcase'>TestKoboSync - test_sync_upload</div>
            </td>
            <td colspan='6'>
                <div class="text-center">
                    <a class="popup_link text-center" onfocus='blur()' onclick="showTestDetail('div_et19.9')">ERROR</a>
                </div>
                <!--css div popup start-->
                <div id="div_et19.9" class="popup_window test_output" style="display:none;">
                    <div class='close_button pull-right'>
                        <button type="button" class="close" aria-label="Close" onfocus='this.blur();'
                                onclick='document.getElementById('div_et19.9').style.display='none'"><span
                                aria-hidden="true">&times;</span></button>
                    </div>
                    <div class="text-left pull-left">
                        <pre class="text-left">Traceback (most recent call last):
  File "/home/ozzie/Development/calibre-web-test/test/test_kobo_sync.py", line 261, in test_sync_upload
    self.fill_basic_config({'config_uploading':1})
  File "/home/ozzie/Development/calibre-web-test/test/helper_ui.py", line 285, in fill_basic_config
    cls.fill_initial_config(elements)
  File "/home/ozzie/Development/calibre-web-test/test/helper_ui.py", line 198, in fill_initial_config
    WebDriverWait(cls.driver, 5).until(EC.presence_of_element_located((By.ID, "config_calibre_dir")))
  File "/home/ozzie/Development/calibre-web-test/venv/lib/python3.8/site-packages/selenium/webdriver/support/wait.py", line 80, in until
    raise TimeoutException(message, screen, stacktrace)
selenium.common.exceptions.TimeoutException: Message:</pre>
                    </div>
                    <div class="clearfix"></div>
                </div>
                <!--css div popup end-->
            </td>
        </tr>
    
    


    <tr id="su" class="errorClass">
        <td>TestLdapLogin</td>
        <td class="text-center">13</td>
        <td class="text-center">5</td>
        <td class="text-center">0</td>
        <td class="text-center">8</td>
        <td class="text-center">0</td>
        <td class="text-center">
            <a onclick="showClassDetail('c20', 13)">Detail</a>
        </td>
    </tr>

    
    
        <tr id='pt20.1' class='hiddenRow bg-success'>
            <td>
                <div class='testcase'>TestLdapLogin - test_LDAP_SSL</div>
            </td>
            <td colspan='6' align='center'>PASS</td>
        </tr>
    
    
    
        <tr id='pt20.2' class='hiddenRow bg-success'>
            <td>
                <div class='testcase'>TestLdapLogin - test_LDAP_SSL_CERTIFICATE</div>
            </td>
            <td colspan='6' align='center'>PASS</td>
        </tr>
    
    
    
        <tr id='pt20.3' class='hiddenRow bg-success'>
            <td>
                <div class='testcase'>TestLdapLogin - test_LDAP_STARTTLS</div>
            </td>
            <td colspan='6' align='center'>PASS</td>
        </tr>
    
    
    
        <tr id='pt20.4' class='hiddenRow bg-success'>
            <td>
                <div class='testcase'>TestLdapLogin - test_LDAP_fallback_Login</div>
            </td>
            <td colspan='6' align='center'>PASS</td>
        </tr>
    
    
    
        <tr id="et20.5" class="none bg-info">
            <td>
                <div class='testcase'>TestLdapLogin - test_LDAP_import</div>
            </td>
            <td colspan='6'>
                <div class="text-center">
                    <a class="popup_link text-center" onfocus='blur()' onclick="showTestDetail('div_et20.5')">ERROR</a>
                </div>
                <!--css div popup start-->
                <div id="div_et20.5" class="popup_window test_output" style="display:none;">
                    <div class='close_button pull-right'>
                        <button type="button" class="close" aria-label="Close" onfocus='this.blur();'
                                onclick='document.getElementById('div_et20.5').style.display='none'"><span
                                aria-hidden="true">&times;</span></button>
                    </div>
                    <div class="text-left pull-left">
                        <pre class="text-left">Traceback (most recent call last):
  File "/home/ozzie/Development/calibre-web-test/test/test_ldap.py", line 480, in test_LDAP_import
    self.fill_basic_config({'config_ldap_group_object_filter': '(& (objectclass=groupofnames)(cn=%s))',
  File "/home/ozzie/Development/calibre-web-test/test/helper_ui.py", line 285, in fill_basic_config
    cls.fill_initial_config(elements)
  File "/home/ozzie/Development/calibre-web-test/test/helper_ui.py", line 276, in fill_initial_config
    ele.clear()
  File "/home/ozzie/Development/calibre-web-test/venv/lib/python3.8/site-packages/selenium/webdriver/remote/webelement.py", line 95, in clear
    self._execute(Command.CLEAR_ELEMENT)
  File "/home/ozzie/Development/calibre-web-test/venv/lib/python3.8/site-packages/selenium/webdriver/remote/webelement.py", line 633, in _execute
    return self._parent.execute(command, params)
  File "/home/ozzie/Development/calibre-web-test/venv/lib/python3.8/site-packages/selenium/webdriver/remote/webdriver.py", line 321, in execute
    self.error_handler.check_response(response)
  File "/home/ozzie/Development/calibre-web-test/venv/lib/python3.8/site-packages/selenium/webdriver/remote/errorhandler.py", line 242, in check_response
    raise exception_class(message, screen, stacktrace)
selenium.common.exceptions.ElementNotInteractableException: Message: Element <input id="config_ldap_group_object_filter" class="form-control" name="config_ldap_group_object_filter" type="text"> could not be scrolled into view</pre>
                    </div>
                    <div class="clearfix"></div>
                </div>
                <!--css div popup end-->
            </td>
        </tr>
    
    
    
        <tr id="et20.6" class="none bg-info">
            <td>
                <div class='testcase'>TestLdapLogin - test_LDAP_import_memberfield</div>
            </td>
            <td colspan='6'>
                <div class="text-center">
                    <a class="popup_link text-center" onfocus='blur()' onclick="showTestDetail('div_et20.6')">ERROR</a>
                </div>
                <!--css div popup start-->
                <div id="div_et20.6" class="popup_window test_output" style="display:none;">
                    <div class='close_button pull-right'>
                        <button type="button" class="close" aria-label="Close" onfocus='this.blur();'
                                onclick='document.getElementById('div_et20.6').style.display='none'"><span
                                aria-hidden="true">&times;</span></button>
                    </div>
                    <div class="text-left pull-left">
                        <pre class="text-left">Traceback (most recent call last):
  File "/home/ozzie/Development/calibre-web-test/test/test_ldap.py", line 263, in test_LDAP_import_memberfield
    self.fill_basic_config({'config_ldap_provider_url': '127.0.0.1',
  File "/home/ozzie/Development/calibre-web-test/test/helper_ui.py", line 285, in fill_basic_config
    cls.fill_initial_config(elements)
  File "/home/ozzie/Development/calibre-web-test/test/helper_ui.py", line 276, in fill_initial_config
    ele.clear()
  File "/home/ozzie/Development/calibre-web-test/venv/lib/python3.8/site-packages/selenium/webdriver/remote/webelement.py", line 95, in clear
    self._execute(Command.CLEAR_ELEMENT)
  File "/home/ozzie/Development/calibre-web-test/venv/lib/python3.8/site-packages/selenium/webdriver/remote/webelement.py", line 633, in _execute
    return self._parent.execute(command, params)
  File "/home/ozzie/Development/calibre-web-test/venv/lib/python3.8/site-packages/selenium/webdriver/remote/webdriver.py", line 321, in execute
    self.error_handler.check_response(response)
  File "/home/ozzie/Development/calibre-web-test/venv/lib/python3.8/site-packages/selenium/webdriver/remote/errorhandler.py", line 242, in check_response
    raise exception_class(message, screen, stacktrace)
selenium.common.exceptions.ElementNotInteractableException: Message: Element <input id="config_ldap_provider_url" class="form-control" name="config_ldap_provider_url" type="text"> could not be scrolled into view</pre>
                    </div>
                    <div class="clearfix"></div>
                </div>
                <!--css div popup end-->
            </td>
        </tr>
    
    
    
        <tr id="et20.7" class="none bg-info">
            <td>
                <div class='testcase'>TestLdapLogin - test_LDAP_login</div>
            </td>
            <td colspan='6'>
                <div class="text-center">
                    <a class="popup_link text-center" onfocus='blur()' onclick="showTestDetail('div_et20.7')">ERROR</a>
                </div>
                <!--css div popup start-->
                <div id="div_et20.7" class="popup_window test_output" style="display:none;">
                    <div class='close_button pull-right'>
                        <button type="button" class="close" aria-label="Close" onfocus='this.blur();'
                                onclick='document.getElementById('div_et20.7').style.display='none'"><span
                                aria-hidden="true">&times;</span></button>
                    </div>
                    <div class="text-left pull-left">
                        <pre class="text-left">Traceback (most recent call last):
  File "/home/ozzie/Development/calibre-web-test/test/test_ldap.py", line 207, in test_LDAP_login
    self.fill_basic_config({'config_ldap_provider_url': '127.0.0.1',
  File "/home/ozzie/Development/calibre-web-test/test/helper_ui.py", line 285, in fill_basic_config
    cls.fill_initial_config(elements)
  File "/home/ozzie/Development/calibre-web-test/test/helper_ui.py", line 276, in fill_initial_config
    ele.clear()
  File "/home/ozzie/Development/calibre-web-test/venv/lib/python3.8/site-packages/selenium/webdriver/remote/webelement.py", line 95, in clear
    self._execute(Command.CLEAR_ELEMENT)
  File "/home/ozzie/Development/calibre-web-test/venv/lib/python3.8/site-packages/selenium/webdriver/remote/webelement.py", line 633, in _execute
    return self._parent.execute(command, params)
  File "/home/ozzie/Development/calibre-web-test/venv/lib/python3.8/site-packages/selenium/webdriver/remote/webdriver.py", line 321, in execute
    self.error_handler.check_response(response)
  File "/home/ozzie/Development/calibre-web-test/venv/lib/python3.8/site-packages/selenium/webdriver/remote/errorhandler.py", line 242, in check_response
    raise exception_class(message, screen, stacktrace)
selenium.common.exceptions.ElementNotInteractableException: Message: Element <input id="config_ldap_provider_url" class="form-control" name="config_ldap_provider_url" type="text"> could not be scrolled into view</pre>
                    </div>
                    <div class="clearfix"></div>
                </div>
                <!--css div popup end-->
            </td>
        </tr>
    
    
    
        <tr id="et20.8" class="none bg-info">
            <td>
                <div class='testcase'>TestLdapLogin - test_invalid_LDAP</div>
            </td>
            <td colspan='6'>
                <div class="text-center">
                    <a class="popup_link text-center" onfocus='blur()' onclick="showTestDetail('div_et20.8')">ERROR</a>
                </div>
                <!--css div popup start-->
                <div id="div_et20.8" class="popup_window test_output" style="display:none;">
                    <div class='close_button pull-right'>
                        <button type="button" class="close" aria-label="Close" onfocus='this.blur();'
                                onclick='document.getElementById('div_et20.8').style.display='none'"><span
                                aria-hidden="true">&times;</span></button>
                    </div>
                    <div class="text-left pull-left">
                        <pre class="text-left">Traceback (most recent call last):
  File "/home/ozzie/Development/calibre-web-test/test/test_ldap.py", line 100, in test_invalid_LDAP
    self.fill_basic_config({'config_ldap_provider_url': 'example.org',
  File "/home/ozzie/Development/calibre-web-test/test/helper_ui.py", line 285, in fill_basic_config
    cls.fill_initial_config(elements)
  File "/home/ozzie/Development/calibre-web-test/test/helper_ui.py", line 276, in fill_initial_config
    ele.clear()
  File "/home/ozzie/Development/calibre-web-test/venv/lib/python3.8/site-packages/selenium/webdriver/remote/webelement.py", line 95, in clear
    self._execute(Command.CLEAR_ELEMENT)
  File "/home/ozzie/Development/calibre-web-test/venv/lib/python3.8/site-packages/selenium/webdriver/remote/webelement.py", line 633, in _execute
    return self._parent.execute(command, params)
  File "/home/ozzie/Development/calibre-web-test/venv/lib/python3.8/site-packages/selenium/webdriver/remote/webdriver.py", line 321, in execute
    self.error_handler.check_response(response)
  File "/home/ozzie/Development/calibre-web-test/venv/lib/python3.8/site-packages/selenium/webdriver/remote/errorhandler.py", line 242, in check_response
    raise exception_class(message, screen, stacktrace)
selenium.common.exceptions.ElementNotInteractableException: Message: Element <input id="config_ldap_provider_url" class="form-control" name="config_ldap_provider_url" type="text"> could not be scrolled into view</pre>
                    </div>
                    <div class="clearfix"></div>
                </div>
                <!--css div popup end-->
            </td>
        </tr>
    
    
    
        <tr id='pt20.9' class='hiddenRow bg-success'>
            <td>
                <div class='testcase'>TestLdapLogin - test_ldap_about</div>
            </td>
            <td colspan='6' align='center'>PASS</td>
        </tr>
    
    
    
        <tr id="et20.10" class="none bg-info">
            <td>
                <div class='testcase'>TestLdapLogin - test_ldap_authentication</div>
            </td>
            <td colspan='6'>
                <div class="text-center">
                    <a class="popup_link text-center" onfocus='blur()' onclick="showTestDetail('div_et20.10')">ERROR</a>
                </div>
                <!--css div popup start-->
                <div id="div_et20.10" class="popup_window test_output" style="display:none;">
                    <div class='close_button pull-right'>
                        <button type="button" class="close" aria-label="Close" onfocus='this.blur();'
                                onclick='document.getElementById('div_et20.10').style.display='none'"><span
                                aria-hidden="true">&times;</span></button>
                    </div>
                    <div class="text-left pull-left">
                        <pre class="text-left">Traceback (most recent call last):
  File "/home/ozzie/Development/calibre-web-test/test/test_ldap.py", line 744, in test_ldap_authentication
    self.fill_basic_config({'config_ldap_provider_url': '127.0.0.1',
  File "/home/ozzie/Development/calibre-web-test/test/helper_ui.py", line 285, in fill_basic_config
    cls.fill_initial_config(elements)
  File "/home/ozzie/Development/calibre-web-test/test/helper_ui.py", line 271, in fill_initial_config
    select.select_by_visible_text(process_options[key])
  File "/home/ozzie/Development/calibre-web-test/venv/lib/python3.8/site-packages/selenium/webdriver/support/select.py", line 120, in select_by_visible_text
    self._setSelected(opt)
  File "/home/ozzie/Development/calibre-web-test/venv/lib/python3.8/site-packages/selenium/webdriver/support/select.py", line 212, in _setSelected
    option.click()
  File "/home/ozzie/Development/calibre-web-test/venv/lib/python3.8/site-packages/selenium/webdriver/remote/webelement.py", line 80, in click
    self._execute(Command.CLICK_ELEMENT)
  File "/home/ozzie/Development/calibre-web-test/venv/lib/python3.8/site-packages/selenium/webdriver/remote/webelement.py", line 633, in _execute
    return self._parent.execute(command, params)
  File "/home/ozzie/Development/calibre-web-test/venv/lib/python3.8/site-packages/selenium/webdriver/remote/webdriver.py", line 321, in execute
    self.error_handler.check_response(response)
  File "/home/ozzie/Development/calibre-web-test/venv/lib/python3.8/site-packages/selenium/webdriver/remote/errorhandler.py", line 242, in check_response
    raise exception_class(message, screen, stacktrace)
selenium.common.exceptions.ElementNotInteractableException: Message: Element <option> could not be scrolled into view</pre>
                    </div>
                    <div class="clearfix"></div>
                </div>
                <!--css div popup end-->
            </td>
        </tr>
    
    
    
        <tr id="et20.11" class="none bg-info">
            <td>
                <div class='testcase'>TestLdapLogin - test_ldap_kobo_sync</div>
            </td>
            <td colspan='6'>
                <div class="text-center">
                    <a class="popup_link text-center" onfocus='blur()' onclick="showTestDetail('div_et20.11')">ERROR</a>
                </div>
                <!--css div popup start-->
                <div id="div_et20.11" class="popup_window test_output" style="display:none;">
                    <div class='close_button pull-right'>
                        <button type="button" class="close" aria-label="Close" onfocus='this.blur();'
                                onclick='document.getElementById('div_et20.11').style.display='none'"><span
                                aria-hidden="true">&times;</span></button>
                    </div>
                    <div class="text-left pull-left">
                        <pre class="text-left">Traceback (most recent call last):
  File "/home/ozzie/Development/calibre-web-test/test/test_ldap.py", line 1006, in test_ldap_kobo_sync
    self.fill_basic_config({'config_ldap_provider_url': '127.0.0.1',
  File "/home/ozzie/Development/calibre-web-test/test/helper_ui.py", line 285, in fill_basic_config
    cls.fill_initial_config(elements)
  File "/home/ozzie/Development/calibre-web-test/test/helper_ui.py", line 276, in fill_initial_config
    ele.clear()
  File "/home/ozzie/Development/calibre-web-test/venv/lib/python3.8/site-packages/selenium/webdriver/remote/webelement.py", line 95, in clear
    self._execute(Command.CLEAR_ELEMENT)
  File "/home/ozzie/Development/calibre-web-test/venv/lib/python3.8/site-packages/selenium/webdriver/remote/webelement.py", line 633, in _execute
    return self._parent.execute(command, params)
  File "/home/ozzie/Development/calibre-web-test/venv/lib/python3.8/site-packages/selenium/webdriver/remote/webdriver.py", line 321, in execute
    self.error_handler.check_response(response)
  File "/home/ozzie/Development/calibre-web-test/venv/lib/python3.8/site-packages/selenium/webdriver/remote/errorhandler.py", line 242, in check_response
    raise exception_class(message, screen, stacktrace)
selenium.common.exceptions.ElementNotInteractableException: Message: Element <input id="config_ldap_provider_url" class="form-control" name="config_ldap_provider_url" type="text"> could not be scrolled into view</pre>
                    </div>
                    <div class="clearfix"></div>
                </div>
                <!--css div popup end-->
            </td>
        </tr>
    
    
    
        <tr id="et20.12" class="none bg-info">
            <td>
                <div class='testcase'>TestLdapLogin - test_ldap_opds_anonymous</div>
            </td>
            <td colspan='6'>
                <div class="text-center">
                    <a class="popup_link text-center" onfocus='blur()' onclick="showTestDetail('div_et20.12')">ERROR</a>
                </div>
                <!--css div popup start-->
                <div id="div_et20.12" class="popup_window test_output" style="display:none;">
                    <div class='close_button pull-right'>
                        <button type="button" class="close" aria-label="Close" onfocus='this.blur();'
                                onclick='document.getElementById('div_et20.12').style.display='none'"><span
                                aria-hidden="true">&times;</span></button>
                    </div>
                    <div class="text-left pull-left">
                        <pre class="text-left">Traceback (most recent call last):
  File "/home/ozzie/Development/calibre-web-test/test/test_ldap.py", line 910, in test_ldap_opds_anonymous
    self.fill_basic_config({'config_ldap_provider_url': '127.0.0.1',
  File "/home/ozzie/Development/calibre-web-test/test/helper_ui.py", line 285, in fill_basic_config
    cls.fill_initial_config(elements)
  File "/home/ozzie/Development/calibre-web-test/test/helper_ui.py", line 276, in fill_initial_config
    ele.clear()
  File "/home/ozzie/Development/calibre-web-test/venv/lib/python3.8/site-packages/selenium/webdriver/remote/webelement.py", line 95, in clear
    self._execute(Command.CLEAR_ELEMENT)
  File "/home/ozzie/Development/calibre-web-test/venv/lib/python3.8/site-packages/selenium/webdriver/remote/webelement.py", line 633, in _execute
    return self._parent.execute(command, params)
  File "/home/ozzie/Development/calibre-web-test/venv/lib/python3.8/site-packages/selenium/webdriver/remote/webdriver.py", line 321, in execute
    self.error_handler.check_response(response)
  File "/home/ozzie/Development/calibre-web-test/venv/lib/python3.8/site-packages/selenium/webdriver/remote/errorhandler.py", line 242, in check_response
    raise exception_class(message, screen, stacktrace)
selenium.common.exceptions.ElementNotInteractableException: Message: Element <input id="config_ldap_provider_url" class="form-control" name="config_ldap_provider_url" type="text"> could not be scrolled into view</pre>
                    </div>
                    <div class="clearfix"></div>
                </div>
                <!--css div popup end-->
            </td>
        </tr>
    
    
    
        <tr id="et20.13" class="none bg-info">
            <td>
                <div class='testcase'>TestLdapLogin - test_ldap_opds_download_book</div>
            </td>
            <td colspan='6'>
                <div class="text-center">
                    <a class="popup_link text-center" onfocus='blur()' onclick="showTestDetail('div_et20.13')">ERROR</a>
                </div>
                <!--css div popup start-->
                <div id="div_et20.13" class="popup_window test_output" style="display:none;">
                    <div class='close_button pull-right'>
                        <button type="button" class="close" aria-label="Close" onfocus='this.blur();'
                                onclick='document.getElementById('div_et20.13').style.display='none'"><span
                                aria-hidden="true">&times;</span></button>
                    </div>
                    <div class="text-left pull-left">
                        <pre class="text-left">Traceback (most recent call last):
  File "/home/ozzie/Development/calibre-web-test/test/test_ldap.py", line 821, in test_ldap_opds_download_book
    self.fill_basic_config({'config_ldap_provider_url': '127.0.0.1',
  File "/home/ozzie/Development/calibre-web-test/test/helper_ui.py", line 285, in fill_basic_config
    cls.fill_initial_config(elements)
  File "/home/ozzie/Development/calibre-web-test/test/helper_ui.py", line 276, in fill_initial_config
    ele.clear()
  File "/home/ozzie/Development/calibre-web-test/venv/lib/python3.8/site-packages/selenium/webdriver/remote/webelement.py", line 95, in clear
    self._execute(Command.CLEAR_ELEMENT)
  File "/home/ozzie/Development/calibre-web-test/venv/lib/python3.8/site-packages/selenium/webdriver/remote/webelement.py", line 633, in _execute
    return self._parent.execute(command, params)
  File "/home/ozzie/Development/calibre-web-test/venv/lib/python3.8/site-packages/selenium/webdriver/remote/webdriver.py", line 321, in execute
    self.error_handler.check_response(response)
  File "/home/ozzie/Development/calibre-web-test/venv/lib/python3.8/site-packages/selenium/webdriver/remote/errorhandler.py", line 242, in check_response
    raise exception_class(message, screen, stacktrace)
selenium.common.exceptions.ElementNotInteractableException: Message: Element <input id="config_ldap_provider_url" class="form-control" name="config_ldap_provider_url" type="text"> could not be scrolled into view</pre>
                    </div>
                    <div class="clearfix"></div>
                </div>
                <!--css div popup end-->
            </td>
        </tr>
    
    


    <tr id="su" class="skipClass">
        <td>TestLogging</td>
        <td class="text-center">7</td>
        <td class="text-center">6</td>
        <td class="text-center">0</td>
        <td class="text-center">0</td>
        <td class="text-center">1</td>
        <td class="text-center">
            <a onclick="showClassDetail('c21', 7)">Detail</a>
        </td>
    </tr>

    
    
        <tr id='pt21.1' class='hiddenRow bg-success'>
            <td>
                <div class='testcase'>TestLogging - test_access_log_recover</div>
            </td>
            <td colspan='6' align='center'>PASS</td>
        </tr>
    
    
    
        <tr id='pt21.2' class='hiddenRow bg-success'>
            <td>
                <div class='testcase'>TestLogging - test_debug_log</div>
            </td>
            <td colspan='6' align='center'>PASS</td>
        </tr>
    
    
    
        <tr id='pt21.3' class='hiddenRow bg-success'>
            <td>
                <div class='testcase'>TestLogging - test_failed_login</div>
            </td>
            <td colspan='6' align='center'>PASS</td>
        </tr>
    
    
    
        <tr id="st21.4" class="none bg-warning">
            <td>
                <div class='testcase'>TestLogging - test_failed_register</div>
            </td>
            <td colspan='6'>
                <div class="text-center">
                    <a class="popup_link text-center" onfocus='blur()' onclick="showTestDetail('div_st21.4')">SKIP</a>
                </div>
                <!--css div popup start-->
                <div id="div_st21.4" class="popup_window test_output" style="display:none;">
                    <div class='close_button pull-right'>
                        <button type="button" class="close" aria-label="Close" onfocus='this.blur();'
                                onclick='document.getElementById('div_st21.4').style.display='none'"><span
                                aria-hidden="true">&times;</span></button>
                    </div>
                    <div class="text-left pull-left">
                        <pre class="text-left">Not Implemented</pre>
                    </div>
                    <div class="clearfix"></div>
                </div>
                <!--css div popup end-->
            </td>
        </tr>
    
    
    
        <tr id='pt21.5' class='hiddenRow bg-success'>
            <td>
                <div class='testcase'>TestLogging - test_logfile_change</div>
            </td>
            <td colspan='6' align='center'>PASS</td>
        </tr>
    
    
    
        <tr id='pt21.6' class='hiddenRow bg-success'>
            <td>
                <div class='testcase'>TestLogging - test_logfile_recover</div>
            </td>
            <td colspan='6' align='center'>PASS</td>
        </tr>
    
    
    
        <tr id='pt21.7' class='hiddenRow bg-success'>
            <td>
                <div class='testcase'>TestLogging - test_logviewer</div>
            </td>
            <td colspan='6' align='center'>PASS</td>
        </tr>
    
    


    <tr id="su" class="passClass">
        <td>TestLogin</td>
        <td class="text-center">14</td>
        <td class="text-center">14</td>
        <td class="text-center">0</td>
        <td class="text-center">0</td>
        <td class="text-center">0</td>
        <td class="text-center">
            <a onclick="showClassDetail('c22', 14)">Detail</a>
        </td>
    </tr>

    
    
        <tr id='pt22.1' class='hiddenRow bg-success'>
            <td>
                <div class='testcase'>TestLogin - test_digest_login</div>
            </td>
            <td colspan='6' align='center'>PASS</td>
        </tr>
    
    
    
        <tr id='pt22.2' class='hiddenRow bg-success'>
            <td>
                <div class='testcase'>TestLogin - test_login_capital_letters_user_unicode_password</div>
            </td>
            <td colspan='6' align='center'>PASS</td>
        </tr>
    
    
    
        <tr id='pt22.3' class='hiddenRow bg-success'>
            <td>
                <div class='testcase'>TestLogin - test_login_delete_admin</div>
            </td>
            <td colspan='6' align='center'>PASS</td>
        </tr>
    
    
    
        <tr id='pt22.4' class='hiddenRow bg-success'>
            <td>
                <div class='testcase'>TestLogin - test_login_empty_password</div>
            </td>
            <td colspan='6' align='center'>PASS</td>
        </tr>
    
    
    
        <tr id='pt22.5' class='hiddenRow bg-success'>
            <td>
                <div class='testcase'>TestLogin - test_login_locale_select</div>
            </td>
            <td colspan='6' align='center'>PASS</td>
        </tr>
    
    
    
        <tr id='pt22.6' class='hiddenRow bg-success'>
            <td>
                <div class='testcase'>TestLogin - test_login_protected</div>
            </td>
            <td colspan='6' align='center'>PASS</td>
        </tr>
    
    
    
        <tr id='pt22.7' class='hiddenRow bg-success'>
            <td>
                <div class='testcase'>TestLogin - test_login_remember_me</div>
            </td>
            <td colspan='6' align='center'>PASS</td>
        </tr>
    
    
    
        <tr id='pt22.8' class='hiddenRow bg-success'>
            <td>
                <div class='testcase'>TestLogin - test_login_rename_user</div>
            </td>
            <td colspan='6' align='center'>PASS</td>
        </tr>
    
    
    
        <tr id='pt22.9' class='hiddenRow bg-success'>
            <td>
                <div class='testcase'>TestLogin - test_login_unicode_user_space_end_password</div>
            </td>
            <td colspan='6' align='center'>PASS</td>
        </tr>
    
    
    
        <tr id='pt22.10' class='hiddenRow bg-success'>
            <td>
                <div class='testcase'>TestLogin - test_login_user_with_space_password_end_space</div>
            </td>
            <td colspan='6' align='center'>PASS</td>
        </tr>
    
    
    
        <tr id='pt22.11' class='hiddenRow bg-success'>
            <td>
                <div class='testcase'>TestLogin - test_magic_remote_login</div>
            </td>
            <td colspan='6' align='center'>PASS</td>
        </tr>
    
    
    
        <tr id='pt22.12' class='hiddenRow bg-success'>
            <td>
                <div class='testcase'>TestLogin - test_next</div>
            </td>
            <td colspan='6' align='center'>PASS</td>
        </tr>
    
    
    
        <tr id='pt22.13' class='hiddenRow bg-success'>
            <td>
                <div class='testcase'>TestLogin - test_proxy_login</div>
            </td>
            <td colspan='6' align='center'>PASS</td>
        </tr>
    
    
    
        <tr id='pt22.14' class='hiddenRow bg-success'>
            <td>
                <div class='testcase'>TestLogin - test_robots</div>
            </td>
            <td colspan='6' align='center'>PASS</td>
        </tr>
    
    


    <tr id="su" class="errorClass">
        <td>TestOAuthLogin</td>
        <td class="text-center">2</td>
        <td class="text-center">1</td>
        <td class="text-center">0</td>
        <td class="text-center">1</td>
        <td class="text-center">0</td>
        <td class="text-center">
            <a onclick="showClassDetail('c23', 2)">Detail</a>
        </td>
    </tr>

    
    
        <tr id='pt23.1' class='hiddenRow bg-success'>
            <td>
                <div class='testcase'>TestOAuthLogin - test_oauth_about</div>
            </td>
            <td colspan='6' align='center'>PASS</td>
        </tr>
    
    
    
        <tr id="et23.2" class="none bg-info">
            <td>
                <div class='testcase'>TestOAuthLogin - test_visible_oauth</div>
            </td>
            <td colspan='6'>
                <div class="text-center">
                    <a class="popup_link text-center" onfocus='blur()' onclick="showTestDetail('div_et23.2')">ERROR</a>
                </div>
                <!--css div popup start-->
                <div id="div_et23.2" class="popup_window test_output" style="display:none;">
                    <div class='close_button pull-right'>
                        <button type="button" class="close" aria-label="Close" onfocus='this.blur();'
                                onclick='document.getElementById('div_et23.2').style.display='none'"><span
                                aria-hidden="true">&times;</span></button>
                    </div>
                    <div class="text-left pull-left">
                        <pre class="text-left">Traceback (most recent call last):
  File "/home/ozzie/Development/calibre-web-test/test/test_oauth.py", line 44, in test_visible_oauth
    self.fill_basic_config({'config_login_type':'Use OAuth'})
  File "/home/ozzie/Development/calibre-web-test/test/helper_ui.py", line 285, in fill_basic_config
    cls.fill_initial_config(elements)
  File "/home/ozzie/Development/calibre-web-test/test/helper_ui.py", line 271, in fill_initial_config
    select.select_by_visible_text(process_options[key])
  File "/home/ozzie/Development/calibre-web-test/venv/lib/python3.8/site-packages/selenium/webdriver/support/select.py", line 140, in select_by_visible_text
    raise NoSuchElementException("Could not locate element with visible text: %s" % text)
selenium.common.exceptions.NoSuchElementException: Message: Could not locate element with visible text: Use OAuth</pre>
                    </div>
                    <div class="clearfix"></div>
                </div>
                <!--css div popup end-->
            </td>
        </tr>
    
    


    <tr id="su" class="passClass">
        <td>TestOPDSFeed</td>
        <td class="text-center">22</td>
        <td class="text-center">22</td>
        <td class="text-center">0</td>
        <td class="text-center">0</td>
        <td class="text-center">0</td>
        <td class="text-center">
            <a onclick="showClassDetail('c24', 22)">Detail</a>
        </td>
    </tr>

    
    
        <tr id='pt24.1' class='hiddenRow bg-success'>
            <td>
                <div class='testcase'>TestOPDSFeed - test_opds</div>
            </td>
            <td colspan='6' align='center'>PASS</td>
        </tr>
    
    
    
        <tr id='pt24.2' class='hiddenRow bg-success'>
            <td>
                <div class='testcase'>TestOPDSFeed - test_opds_author</div>
            </td>
            <td colspan='6' align='center'>PASS</td>
        </tr>
    
    
    
        <tr id='pt24.3' class='hiddenRow bg-success'>
            <td>
                <div class='testcase'>TestOPDSFeed - test_opds_books</div>
            </td>
            <td colspan='6' align='center'>PASS</td>
        </tr>
    
    
    
        <tr id='pt24.4' class='hiddenRow bg-success'>
            <td>
                <div class='testcase'>TestOPDSFeed - test_opds_calibre_companion</div>
            </td>
            <td colspan='6' align='center'>PASS</td>
        </tr>
    
    
    
        <tr id='pt24.5' class='hiddenRow bg-success'>
            <td>
                <div class='testcase'>TestOPDSFeed - test_opds_cover</div>
            </td>
            <td colspan='6' align='center'>PASS</td>
        </tr>
    
    
    
        <tr id='pt24.6' class='hiddenRow bg-success'>
            <td>
                <div class='testcase'>TestOPDSFeed - test_opds_download_book</div>
            </td>
            <td colspan='6' align='center'>PASS</td>
        </tr>
    
    
    
        <tr id='pt24.7' class='hiddenRow bg-success'>
            <td>
                <div class='testcase'>TestOPDSFeed - test_opds_formats</div>
            </td>
            <td colspan='6' align='center'>PASS</td>
        </tr>
    
    
    
        <tr id='pt24.8' class='hiddenRow bg-success'>
            <td>
                <div class='testcase'>TestOPDSFeed - test_opds_guest_user</div>
            </td>
            <td colspan='6' align='center'>PASS</td>
        </tr>
    
    
    
        <tr id='pt24.9' class='hiddenRow bg-success'>
            <td>
                <div class='testcase'>TestOPDSFeed - test_opds_hot</div>
            </td>
            <td colspan='6' align='center'>PASS</td>
        </tr>
    
    
    
        <tr id='pt24.10' class='hiddenRow bg-success'>
            <td>
                <div class='testcase'>TestOPDSFeed - test_opds_language</div>
            </td>
            <td colspan='6' align='center'>PASS</td>
        </tr>
    
    
    
        <tr id='pt24.11' class='hiddenRow bg-success'>
            <td>
                <div class='testcase'>TestOPDSFeed - test_opds_non_admin</div>
            </td>
            <td colspan='6' align='center'>PASS</td>
        </tr>
    
    
    
        <tr id='pt24.12' class='hiddenRow bg-success'>
            <td>
                <div class='testcase'>TestOPDSFeed - test_opds_publisher</div>
            </td>
            <td colspan='6' align='center'>PASS</td>
        </tr>
    
    
    
        <tr id='pt24.13' class='hiddenRow bg-success'>
            <td>
                <div class='testcase'>TestOPDSFeed - test_opds_random</div>
            </td>
            <td colspan='6' align='center'>PASS</td>
        </tr>
    
    
    
        <tr id='pt24.14' class='hiddenRow bg-success'>
            <td>
                <div class='testcase'>TestOPDSFeed - test_opds_ratings</div>
            </td>
            <td colspan='6' align='center'>PASS</td>
        </tr>
    
    
    
        <tr id='pt24.15' class='hiddenRow bg-success'>
            <td>
                <div class='testcase'>TestOPDSFeed - test_opds_read_unread</div>
            </td>
            <td colspan='6' align='center'>PASS</td>
        </tr>
    
    
    
        <tr id='pt24.16' class='hiddenRow bg-success'>
            <td>
                <div class='testcase'>TestOPDSFeed - test_opds_search</div>
            </td>
            <td colspan='6' align='center'>PASS</td>
        </tr>
    
    
    
        <tr id='pt24.17' class='hiddenRow bg-success'>
            <td>
                <div class='testcase'>TestOPDSFeed - test_opds_series</div>
            </td>
            <td colspan='6' align='center'>PASS</td>
        </tr>
    
    
    
        <tr id='pt24.18' class='hiddenRow bg-success'>
            <td>
                <div class='testcase'>TestOPDSFeed - test_opds_shelf_access</div>
            </td>
            <td colspan='6' align='center'>PASS</td>
        </tr>
    
    
    
        <tr id='pt24.19' class='hiddenRow bg-success'>
            <td>
                <div class='testcase'>TestOPDSFeed - test_opds_tags</div>
            </td>
            <td colspan='6' align='center'>PASS</td>
        </tr>
    
    
    
        <tr id='pt24.20' class='hiddenRow bg-success'>
            <td>
                <div class='testcase'>TestOPDSFeed - test_opds_top_rated</div>
            </td>
            <td colspan='6' align='center'>PASS</td>
        </tr>
    
    
    
        <tr id='pt24.21' class='hiddenRow bg-success'>
            <td>
                <div class='testcase'>TestOPDSFeed - test_opds_unicode_user</div>
            </td>
            <td colspan='6' align='center'>PASS</td>
        </tr>
    
    
    
        <tr id='pt24.22' class='hiddenRow bg-success'>
            <td>
                <div class='testcase'>TestOPDSFeed - test_recently_added</div>
            </td>
            <td colspan='6' align='center'>PASS</td>
        </tr>
    
    


    <tr id="su" class="errorClass">
        <td>TestUploadPDF</td>
        <td class="text-center">1</td>
        <td class="text-center">0</td>
        <td class="text-center">0</td>
        <td class="text-center">1</td>
        <td class="text-center">0</td>
        <td class="text-center">
            <a onclick="showClassDetail('c25', 1)">Detail</a>
        </td>
    </tr>

    
    
        <tr id="et25.1" class="none bg-info">
            <td>
                <div class='testcase'>TestUploadPDF - test_upload_invalid_pdf</div>
            </td>
            <td colspan='6'>
                <div class="text-center">
                    <a class="popup_link text-center" onfocus='blur()' onclick="showTestDetail('div_et25.1')">ERROR</a>
                </div>
                <!--css div popup start-->
                <div id="div_et25.1" class="popup_window test_output" style="display:none;">
                    <div class='close_button pull-right'>
                        <button type="button" class="close" aria-label="Close" onfocus='this.blur();'
                                onclick='document.getElementById('div_et25.1').style.display='none'"><span
                                aria-hidden="true">&times;</span></button>
                    </div>
                    <div class="text-left pull-left">
                        <pre class="text-left">Traceback (most recent call last):
  File "/home/ozzie/Development/calibre-web-test/test/test_pdf_metadata.py", line 127, in test_upload_invalid_pdf
    self.check_uploaded_pdf({'author': "Mani Mcks",
  File "/home/ozzie/Development/calibre-web-test/test/test_pdf_metadata.py", line 57, in check_uploaded_pdf
    self.check_element_on_page((By.ID, 'edit_cancel')).click()
AttributeError: 'bool' object has no attribute 'click'</pre>
                    </div>
                    <div class="clearfix"></div>
                </div>
                <!--css div popup end-->
            </td>
        </tr>
    
    


    <tr id="su" class="errorClass">
        <td>TestReader</td>
        <td class="text-center">5</td>
        <td class="text-center">3</td>
        <td class="text-center">0</td>
        <td class="text-center">2</td>
        <td class="text-center">0</td>
        <td class="text-center">
            <a onclick="showClassDetail('c26', 5)">Detail</a>
        </td>
    </tr>

    
    
        <tr id='pt26.1' class='hiddenRow bg-success'>
            <td>
                <div class='testcase'>TestReader - test_comic_reader</div>
            </td>
            <td colspan='6' align='center'>PASS</td>
        </tr>
    
    
    
        <tr id='pt26.2' class='hiddenRow bg-success'>
            <td>
                <div class='testcase'>TestReader - test_epub_reader</div>
            </td>
            <td colspan='6' align='center'>PASS</td>
        </tr>
    
    
    
        <tr id='pt26.3' class='hiddenRow bg-success'>
            <td>
                <div class='testcase'>TestReader - test_pdf_reader</div>
            </td>
            <td colspan='6' align='center'>PASS</td>
        </tr>
    
    
    
        <tr id="et26.4" class="none bg-info">
            <td>
                <div class='testcase'>TestReader - test_sound_listener</div>
            </td>
            <td colspan='6'>
                <div class="text-center">
                    <a class="popup_link text-center" onfocus='blur()' onclick="showTestDetail('div_et26.4')">ERROR</a>
                </div>
                <!--css div popup start-->
                <div id="div_et26.4" class="popup_window test_output" style="display:none;">
                    <div class='close_button pull-right'>
                        <button type="button" class="close" aria-label="Close" onfocus='this.blur();'
                                onclick='document.getElementById('div_et26.4').style.display='none'"><span
                                aria-hidden="true">&times;</span></button>
                    </div>
                    <div class="text-left pull-left">
                        <pre class="text-left">Traceback (most recent call last):
  File "/home/ozzie/Development/calibre-web-test/test/test_reader.py", line 228, in test_sound_listener
    self.sound_test('music.flac', 'Unknown - music', '0:02')
  File "/home/ozzie/Development/calibre-web-test/test/test_reader.py", line 190, in sound_test
    self.check_element_on_page((By.ID, 'edit_cancel')).click()
AttributeError: 'bool' object has no attribute 'click'</pre>
                    </div>
                    <div class="clearfix"></div>
                </div>
                <!--css div popup end-->
            </td>
        </tr>
    
    
    
        <tr id="et26.5" class="none bg-info">
            <td>
                <div class='testcase'>TestReader - test_txt_reader</div>
            </td>
            <td colspan='6'>
                <div class="text-center">
                    <a class="popup_link text-center" onfocus='blur()' onclick="showTestDetail('div_et26.5')">ERROR</a>
                </div>
                <!--css div popup start-->
                <div id="div_et26.5" class="popup_window test_output" style="display:none;">
                    <div class='close_button pull-right'>
                        <button type="button" class="close" aria-label="Close" onfocus='this.blur();'
                                onclick='document.getElementById('div_et26.5').style.display='none'"><span
                                aria-hidden="true">&times;</span></button>
                    </div>
                    <div class="text-left pull-left">
                        <pre class="text-left">Traceback (most recent call last):
  File "/home/ozzie/Development/calibre-web-test/test/test_reader.py", line 55, in test_txt_reader
    self.assertTrue("txt" in read_button.text)
AttributeError: 'bool' object has no attribute 'text'</pre>
                    </div>
                    <div class="clearfix"></div>
                </div>
                <!--css div popup end-->
            </td>
        </tr>
    
    


    <tr id="su" class="failClass">
        <td>TestRegister</td>
        <td class="text-center">8</td>
        <td class="text-center">7</td>
        <td class="text-center">1</td>
        <td class="text-center">0</td>
        <td class="text-center">0</td>
        <td class="text-center">
            <a onclick="showClassDetail('c27', 8)">Detail</a>
        </td>
    </tr>

    
    
        <tr id='pt27.1' class='hiddenRow bg-success'>
            <td>
                <div class='testcase'>TestRegister - test_forgot_password</div>
            </td>
            <td colspan='6' align='center'>PASS</td>
        </tr>
    
    
    
        <tr id='pt27.2' class='hiddenRow bg-success'>
            <td>
                <div class='testcase'>TestRegister - test_illegal_email</div>
            </td>
            <td colspan='6' align='center'>PASS</td>
        </tr>
    
    
    
        <tr id='pt27.3' class='hiddenRow bg-success'>
            <td>
                <div class='testcase'>TestRegister - test_limit_domain</div>
            </td>
            <td colspan='6' align='center'>PASS</td>
        </tr>
    
    
    
        <tr id='pt27.4' class='hiddenRow bg-success'>
            <td>
                <div class='testcase'>TestRegister - test_register_no_server</div>
            </td>
            <td colspan='6' align='center'>PASS</td>
        </tr>
    
    
    
        <tr id='pt27.5' class='hiddenRow bg-success'>
            <td>
                <div class='testcase'>TestRegister - test_registering_only_email</div>
            </td>
            <td colspan='6' align='center'>PASS</td>
        </tr>
    
    
    
        <tr id='pt27.6' class='hiddenRow bg-success'>
            <td>
                <div class='testcase'>TestRegister - test_registering_user</div>
            </td>
            <td colspan='6' align='center'>PASS</td>
        </tr>
    
    
    
        <tr id='pt27.7' class='hiddenRow bg-success'>
            <td>
                <div class='testcase'>TestRegister - test_registering_user_fail</div>
            </td>
            <td colspan='6' align='center'>PASS</td>
        </tr>
    
    
    
        <tr id="ft27.8" class="none bg-danger">
            <td>
                <div class='testcase'>TestRegister - test_user_change_password</div>
            </td>
            <td colspan='6'>
                <div class="text-center">
                    <a class="popup_link text-center" onfocus='blur()' onclick="showTestDetail('div_ft27.8')">FAIL</a>
                </div>
                <!--css div popup start-->
                <div id="div_ft27.8" class="popup_window test_output" style="display:none;">
                    <div class='close_button pull-right'>
                        <button type="button" class="close" aria-label="Close" onfocus='this.blur();'
                                onclick='document.getElementById('div_ft27.8').style.display='none'"><span
                                aria-hidden="true">&times;</span></button>
                    </div>
                    <div class="text-left pull-left">
                        <pre class="text-left">Traceback (most recent call last):
  File "/home/ozzie/Development/calibre-web-test/test/test_register.py", line 185, in test_user_change_password
    self.assertTrue(self.edit_user(u'upasswd', { 'resend_password':1}))
AssertionError: False is not true</pre>
                    </div>
                    <div class="clearfix"></div>
                </div>
                <!--css div popup end-->
            </td>
        </tr>
    
    


    <tr id="su" class="skipClass">
        <td>TestShelf</td>
        <td class="text-center">12</td>
        <td class="text-center">11</td>
        <td class="text-center">0</td>
        <td class="text-center">0</td>
        <td class="text-center">1</td>
        <td class="text-center">
            <a onclick="showClassDetail('c28', 12)">Detail</a>
        </td>
    </tr>

    
    
        <tr id='pt28.1' class='hiddenRow bg-success'>
            <td>
                <div class='testcase'>TestShelf - test_add_shelf_from_search</div>
            </td>
            <td colspan='6' align='center'>PASS</td>
        </tr>
    
    
    
        <tr id='pt28.2' class='hiddenRow bg-success'>
            <td>
                <div class='testcase'>TestShelf - test_adv_search_shelf</div>
            </td>
            <td colspan='6' align='center'>PASS</td>
        </tr>
    
    
    
        <tr id='pt28.3' class='hiddenRow bg-success'>
            <td>
                <div class='testcase'>TestShelf - test_arrange_shelf</div>
            </td>
            <td colspan='6' align='center'>PASS</td>
        </tr>
    
    
    
        <tr id='pt28.4' class='hiddenRow bg-success'>
            <td>
                <div class='testcase'>TestShelf - test_delete_book_of_shelf</div>
            </td>
            <td colspan='6' align='center'>PASS</td>
        </tr>
    
    
    
        <tr id='pt28.5' class='hiddenRow bg-success'>
            <td>
                <div class='testcase'>TestShelf - test_private_shelf</div>
            </td>
            <td colspan='6' align='center'>PASS</td>
        </tr>
    
    
    
        <tr id='pt28.6' class='hiddenRow bg-success'>
            <td>
                <div class='testcase'>TestShelf - test_public_private_shelf</div>
            </td>
            <td colspan='6' align='center'>PASS</td>
        </tr>
    
    
    
        <tr id='pt28.7' class='hiddenRow bg-success'>
            <td>
                <div class='testcase'>TestShelf - test_public_shelf</div>
            </td>
            <td colspan='6' align='center'>PASS</td>
        </tr>
    
    
    
        <tr id='pt28.8' class='hiddenRow bg-success'>
            <td>
                <div class='testcase'>TestShelf - test_rename_shelf</div>
            </td>
            <td colspan='6' align='center'>PASS</td>
        </tr>
    
    
    
        <tr id='pt28.9' class='hiddenRow bg-success'>
            <td>
                <div class='testcase'>TestShelf - test_shelf_action_non_shelf_edit_role</div>
            </td>
            <td colspan='6' align='center'>PASS</td>
        </tr>
    
    
    
        <tr id='pt28.10' class='hiddenRow bg-success'>
            <td>
                <div class='testcase'>TestShelf - test_shelf_anonymous</div>
            </td>
            <td colspan='6' align='center'>PASS</td>
        </tr>
    
    
    
        <tr id="st28.11" class="none bg-warning">
            <td>
                <div class='testcase'>TestShelf - test_shelf_database_change</div>
            </td>
            <td colspan='6'>
                <div class="text-center">
                    <a class="popup_link text-center" onfocus='blur()' onclick="showTestDetail('div_st28.11')">SKIP</a>
                </div>
                <!--css div popup start-->
                <div id="div_st28.11" class="popup_window test_output" style="display:none;">
                    <div class='close_button pull-right'>
                        <button type="button" class="close" aria-label="Close" onfocus='this.blur();'
                                onclick='document.getElementById('div_st28.11').style.display='none'"><span
                                aria-hidden="true">&times;</span></button>
                    </div>
                    <div class="text-left pull-left">
                        <pre class="text-left">Change Database Not Implemented</pre>
                    </div>
                    <div class="clearfix"></div>
                </div>
                <!--css div popup end-->
            </td>
        </tr>
    
    
    
        <tr id='pt28.12' class='hiddenRow bg-success'>
            <td>
                <div class='testcase'>TestShelf - test_shelf_long_name</div>
            </td>
            <td colspan='6' align='center'>PASS</td>
        </tr>
    
    


    <tr id="su" class="errorClass">
        <td>TestUpdater</td>
        <td class="text-center">8</td>
        <td class="text-center">5</td>
        <td class="text-center">1</td>
        <td class="text-center">1</td>
        <td class="text-center">1</td>
        <td class="text-center">
            <a onclick="showClassDetail('c29', 8)">Detail</a>
        </td>
    </tr>

    
    
        <tr id='pt29.1' class='hiddenRow bg-success'>
            <td>
                <div class='testcase'>TestUpdater - test_check_update_nightly_errors</div>
            </td>
            <td colspan='6' align='center'>PASS</td>
        </tr>
    
    
    
        <tr id='pt29.2' class='hiddenRow bg-success'>
            <td>
                <div class='testcase'>TestUpdater - test_check_update_nightly_request_errors</div>
            </td>
            <td colspan='6' align='center'>PASS</td>
        </tr>
    
    
    
        <tr id='pt29.3' class='hiddenRow bg-success'>
            <td>
                <div class='testcase'>TestUpdater - test_check_update_stable_errors</div>
            </td>
            <td colspan='6' align='center'>PASS</td>
        </tr>
    
    
    
        <tr id='pt29.4' class='hiddenRow bg-success'>
            <td>
                <div class='testcase'>TestUpdater - test_check_update_stable_versions</div>
            </td>
            <td colspan='6' align='center'>PASS</td>
        </tr>
    
    
    
        <tr id='pt29.5' class='hiddenRow bg-success'>
            <td>
                <div class='testcase'>TestUpdater - test_perform_update</div>
            </td>
            <td colspan='6' align='center'>PASS</td>
        </tr>
    
    
    
        <tr id="ft29.6" class="none bg-danger">
            <td>
                <div class='testcase'>TestUpdater - test_perform_update_stable_errors</div>
            </td>
            <td colspan='6'>
                <div class="text-center">
                    <a class="popup_link text-center" onfocus='blur()' onclick="showTestDetail('div_ft29.6')">FAIL</a>
                </div>
                <!--css div popup start-->
                <div id="div_ft29.6" class="popup_window test_output" style="display:none;">
                    <div class='close_button pull-right'>
                        <button type="button" class="close" aria-label="Close" onfocus='this.blur();'
                                onclick='document.getElementById('div_ft29.6').style.display='none'"><span
                                aria-hidden="true">&times;</span></button>
                    </div>
                    <div class="text-left pull-left">
                        <pre class="text-left">Traceback (most recent call last):
  File "/home/ozzie/Development/calibre-web-test/test/test_updater.py", line 312, in test_perform_update_stable_errors
    self.assertTrue('HTTP Error' in self.check_element_on_page((By.ID, "DialogContent")).text)
AssertionError: False is not true</pre>
                    </div>
                    <div class="clearfix"></div>
                </div>
                <!--css div popup end-->
            </td>
        </tr>
    
    
    
        <tr id="st29.7" class="none bg-warning">
            <td>
                <div class='testcase'>TestUpdater - test_perform_update_timeout</div>
            </td>
            <td colspan='6'>
                <div class="text-center">
                    <a class="popup_link text-center" onfocus='blur()' onclick="showTestDetail('div_st29.7')">SKIP</a>
                </div>
                <!--css div popup start-->
                <div id="div_st29.7" class="popup_window test_output" style="display:none;">
                    <div class='close_button pull-right'>
                        <button type="button" class="close" aria-label="Close" onfocus='this.blur();'
                                onclick='document.getElementById('div_st29.7').style.display='none'"><span
                                aria-hidden="true">&times;</span></button>
                    </div>
                    <div class="text-left pull-left">
                        <pre class="text-left">Takes too long</pre>
                    </div>
                    <div class="clearfix"></div>
                </div>
                <!--css div popup end-->
            </td>
        </tr>
    
    
    
        <tr id="et29.8" class="none bg-info">
            <td>
                <div class='testcase'>TestUpdater - test_reconnect_database</div>
            </td>
            <td colspan='6'>
                <div class="text-center">
                    <a class="popup_link text-center" onfocus='blur()' onclick="showTestDetail('div_et29.8')">ERROR</a>
                </div>
                <!--css div popup start-->
                <div id="div_et29.8" class="popup_window test_output" style="display:none;">
                    <div class='close_button pull-right'>
                        <button type="button" class="close" aria-label="Close" onfocus='this.blur();'
                                onclick='document.getElementById('div_et29.8').style.display='none'"><span
                                aria-hidden="true">&times;</span></button>
                    </div>
                    <div class="text-left pull-left">
                        <pre class="text-left">Traceback (most recent call last):
  File "/home/ozzie/Development/calibre-web-test/test/test_updater.py", line 371, in test_reconnect_database
    self.reconnect_database()
  File "/home/ozzie/Development/calibre-web-test/test/helper_ui.py", line 359, in reconnect_database
    self.driver.find_element_by_id('restart_database').click()
  File "/home/ozzie/Development/calibre-web-test/venv/lib/python3.8/site-packages/selenium/webdriver/remote/webelement.py", line 80, in click
    self._execute(Command.CLICK_ELEMENT)
  File "/home/ozzie/Development/calibre-web-test/venv/lib/python3.8/site-packages/selenium/webdriver/remote/webelement.py", line 633, in _execute
    return self._parent.execute(command, params)
  File "/home/ozzie/Development/calibre-web-test/venv/lib/python3.8/site-packages/selenium/webdriver/remote/webdriver.py", line 321, in execute
    self.error_handler.check_response(response)
  File "/home/ozzie/Development/calibre-web-test/venv/lib/python3.8/site-packages/selenium/webdriver/remote/errorhandler.py", line 242, in check_response
    raise exception_class(message, screen, stacktrace)
selenium.common.exceptions.ElementClickInterceptedException: Message: Element <div id="restart_database" class="btn btn-default"> is not clickable at point (553,718) because another element <div id="StatusDialog" class="modal fade in"> obscures it</pre>
                    </div>
                    <div class="clearfix"></div>
                </div>
                <!--css div popup end-->
            </td>
        </tr>
    
    


    <tr id="su" class="passClass">
        <td>TestUserLoad</td>
        <td class="text-center">1</td>
        <td class="text-center">1</td>
        <td class="text-center">0</td>
        <td class="text-center">0</td>
        <td class="text-center">0</td>
        <td class="text-center">
            <a onclick="showClassDetail('c30', 1)">Detail</a>
        </td>
    </tr>

    
    
        <tr id='pt30.1' class='hiddenRow bg-success'>
            <td>
                <div class='testcase'>TestUserLoad - test_user_change_vis</div>
            </td>
            <td colspan='6' align='center'>PASS</td>
        </tr>
    
    


    <tr id="su" class="passClass">
        <td>TestUserTemplate</td>
        <td class="text-center">21</td>
        <td class="text-center">21</td>
        <td class="text-center">0</td>
        <td class="text-center">0</td>
        <td class="text-center">0</td>
        <td class="text-center">
            <a onclick="showClassDetail('c31', 21)">Detail</a>
        </td>
    </tr>

    
    
        <tr id='pt31.1' class='hiddenRow bg-success'>
            <td>
                <div class='testcase'>TestUserTemplate - test_allow_column_restriction</div>
            </td>
            <td colspan='6' align='center'>PASS</td>
        </tr>
    
    
    
        <tr id='pt31.2' class='hiddenRow bg-success'>
            <td>
                <div class='testcase'>TestUserTemplate - test_allow_tag_restriction</div>
            </td>
            <td colspan='6' align='center'>PASS</td>
        </tr>
    
    
    
        <tr id='pt31.3' class='hiddenRow bg-success'>
            <td>
                <div class='testcase'>TestUserTemplate - test_archived_format_template</div>
            </td>
            <td colspan='6' align='center'>PASS</td>
        </tr>
    
    
    
        <tr id='pt31.4' class='hiddenRow bg-success'>
            <td>
                <div class='testcase'>TestUserTemplate - test_author_user_template</div>
            </td>
            <td colspan='6' align='center'>PASS</td>
        </tr>
    
    
    
        <tr id='pt31.5' class='hiddenRow bg-success'>
            <td>
                <div class='testcase'>TestUserTemplate - test_best_user_template</div>
            </td>
            <td colspan='6' align='center'>PASS</td>
        </tr>
    
    
    
        <tr id='pt31.6' class='hiddenRow bg-success'>
            <td>
                <div class='testcase'>TestUserTemplate - test_category_user_template</div>
            </td>
            <td colspan='6' align='center'>PASS</td>
        </tr>
    
    
    
        <tr id='pt31.7' class='hiddenRow bg-success'>
            <td>
                <div class='testcase'>TestUserTemplate - test_deny_column_restriction</div>
            </td>
            <td colspan='6' align='center'>PASS</td>
        </tr>
    
    
    
        <tr id='pt31.8' class='hiddenRow bg-success'>
            <td>
                <div class='testcase'>TestUserTemplate - test_deny_tag_restriction</div>
            </td>
            <td colspan='6' align='center'>PASS</td>
        </tr>
    
    
    
        <tr id='pt31.9' class='hiddenRow bg-success'>
            <td>
                <div class='testcase'>TestUserTemplate - test_detail_random_user_template</div>
            </td>
            <td colspan='6' align='center'>PASS</td>
        </tr>
    
    
    
        <tr id='pt31.10' class='hiddenRow bg-success'>
            <td>
                <div class='testcase'>TestUserTemplate - test_download_user_template</div>
            </td>
            <td colspan='6' align='center'>PASS</td>
        </tr>
    
    
    
        <tr id='pt31.11' class='hiddenRow bg-success'>
            <td>
                <div class='testcase'>TestUserTemplate - test_format_user_template</div>
            </td>
            <td colspan='6' align='center'>PASS</td>
        </tr>
    
    
    
        <tr id='pt31.12' class='hiddenRow bg-success'>
            <td>
                <div class='testcase'>TestUserTemplate - test_hot_user_template</div>
            </td>
            <td colspan='6' align='center'>PASS</td>
        </tr>
    
    
    
        <tr id='pt31.13' class='hiddenRow bg-success'>
            <td>
                <div class='testcase'>TestUserTemplate - test_language_user_template</div>
            </td>
            <td colspan='6' align='center'>PASS</td>
        </tr>
    
    
    
        <tr id='pt31.14' class='hiddenRow bg-success'>
            <td>
                <div class='testcase'>TestUserTemplate - test_limit_book_languages</div>
            </td>
            <td colspan='6' align='center'>PASS</td>
        </tr>
    
    
    
        <tr id='pt31.15' class='hiddenRow bg-success'>
            <td>
                <div class='testcase'>TestUserTemplate - test_list_user_template</div>
            </td>
            <td colspan='6' align='center'>PASS</td>
        </tr>
    
    
    
        <tr id='pt31.16' class='hiddenRow bg-success'>
            <td>
                <div class='testcase'>TestUserTemplate - test_publisher_user_template</div>
            </td>
            <td colspan='6' align='center'>PASS</td>
        </tr>
    
    
    
        <tr id='pt31.17' class='hiddenRow bg-success'>
            <td>
                <div class='testcase'>TestUserTemplate - test_random_user_template</div>
            </td>
            <td colspan='6' align='center'>PASS</td>
        </tr>
    
    
    
        <tr id='pt31.18' class='hiddenRow bg-success'>
            <td>
                <div class='testcase'>TestUserTemplate - test_read_user_template</div>
            </td>
            <td colspan='6' align='center'>PASS</td>
        </tr>
    
    
    
        <tr id='pt31.19' class='hiddenRow bg-success'>
            <td>
                <div class='testcase'>TestUserTemplate - test_recent_user_template</div>
            </td>
            <td colspan='6' align='center'>PASS</td>
        </tr>
    
    
    
        <tr id='pt31.20' class='hiddenRow bg-success'>
            <td>
                <div class='testcase'>TestUserTemplate - test_series_user_template</div>
            </td>
            <td colspan='6' align='center'>PASS</td>
        </tr>
    
    
    
        <tr id='pt31.21' class='hiddenRow bg-success'>
            <td>
                <div class='testcase'>TestUserTemplate - test_ui_language_settings</div>
            </td>
            <td colspan='6' align='center'>PASS</td>
        </tr>
    
    


    <tr id="su" class="failClass">
        <td>TestCalibreWebVisibilitys</td>
        <td class="text-center">33</td>
        <td class="text-center">32</td>
        <td class="text-center">1</td>
        <td class="text-center">0</td>
        <td class="text-center">0</td>
        <td class="text-center">
            <a onclick="showClassDetail('c32', 33)">Detail</a>
        </td>
    </tr>

    
    
        <tr id='pt32.1' class='hiddenRow bg-success'>
            <td>
                <div class='testcase'>TestCalibreWebVisibilitys - test_about</div>
            </td>
            <td colspan='6' align='center'>PASS</td>
        </tr>
    
    
    
        <tr id='pt32.2' class='hiddenRow bg-success'>
            <td>
                <div class='testcase'>TestCalibreWebVisibilitys - test_admin_SMTP_Settings</div>
            </td>
            <td colspan='6' align='center'>PASS</td>
        </tr>
    
    
    
        <tr id='pt32.3' class='hiddenRow bg-success'>
            <td>
                <div class='testcase'>TestCalibreWebVisibilitys - test_admin_add_user</div>
            </td>
            <td colspan='6' align='center'>PASS</td>
        </tr>
    
    
    
        <tr id='pt32.4' class='hiddenRow bg-success'>
            <td>
                <div class='testcase'>TestCalibreWebVisibilitys - test_admin_change_password</div>
            </td>
            <td colspan='6' align='center'>PASS</td>
        </tr>
    
    
    
        <tr id='pt32.5' class='hiddenRow bg-success'>
            <td>
                <div class='testcase'>TestCalibreWebVisibilitys - test_admin_change_visibility_archived</div>
            </td>
            <td colspan='6' align='center'>PASS</td>
        </tr>
    
    
    
        <tr id='pt32.6' class='hiddenRow bg-success'>
            <td>
                <div class='testcase'>TestCalibreWebVisibilitys - test_admin_change_visibility_authors</div>
            </td>
            <td colspan='6' align='center'>PASS</td>
        </tr>
    
    
    
        <tr id='pt32.7' class='hiddenRow bg-success'>
            <td>
                <div class='testcase'>TestCalibreWebVisibilitys - test_admin_change_visibility_category</div>
            </td>
            <td colspan='6' align='center'>PASS</td>
        </tr>
    
    
    
        <tr id='pt32.8' class='hiddenRow bg-success'>
            <td>
                <div class='testcase'>TestCalibreWebVisibilitys - test_admin_change_visibility_file_formats</div>
            </td>
            <td colspan='6' align='center'>PASS</td>
        </tr>
    
    
    
        <tr id='pt32.9' class='hiddenRow bg-success'>
            <td>
                <div class='testcase'>TestCalibreWebVisibilitys - test_admin_change_visibility_hot</div>
            </td>
            <td colspan='6' align='center'>PASS</td>
        </tr>
    
    
    
        <tr id='pt32.10' class='hiddenRow bg-success'>
            <td>
                <div class='testcase'>TestCalibreWebVisibilitys - test_admin_change_visibility_language</div>
            </td>
            <td colspan='6' align='center'>PASS</td>
        </tr>
    
    
    
        <tr id='pt32.11' class='hiddenRow bg-success'>
            <td>
                <div class='testcase'>TestCalibreWebVisibilitys - test_admin_change_visibility_publisher</div>
            </td>
            <td colspan='6' align='center'>PASS</td>
        </tr>
    
    
    
        <tr id='pt32.12' class='hiddenRow bg-success'>
            <td>
                <div class='testcase'>TestCalibreWebVisibilitys - test_admin_change_visibility_random</div>
            </td>
            <td colspan='6' align='center'>PASS</td>
        </tr>
    
    
    
        <tr id='pt32.13' class='hiddenRow bg-success'>
            <td>
                <div class='testcase'>TestCalibreWebVisibilitys - test_admin_change_visibility_rated</div>
            </td>
            <td colspan='6' align='center'>PASS</td>
        </tr>
    
    
    
        <tr id='pt32.14' class='hiddenRow bg-success'>
            <td>
                <div class='testcase'>TestCalibreWebVisibilitys - test_admin_change_visibility_rating</div>
            </td>
            <td colspan='6' align='center'>PASS</td>
        </tr>
    
    
    
        <tr id='pt32.15' class='hiddenRow bg-success'>
            <td>
                <div class='testcase'>TestCalibreWebVisibilitys - test_admin_change_visibility_read</div>
            </td>
            <td colspan='6' align='center'>PASS</td>
        </tr>
    
    
    
        <tr id='pt32.16' class='hiddenRow bg-success'>
            <td>
                <div class='testcase'>TestCalibreWebVisibilitys - test_admin_change_visibility_series</div>
            </td>
            <td colspan='6' align='center'>PASS</td>
        </tr>
    
    
    
        <tr id='pt32.17' class='hiddenRow bg-success'>
            <td>
                <div class='testcase'>TestCalibreWebVisibilitys - test_allow_columns</div>
            </td>
            <td colspan='6' align='center'>PASS</td>
        </tr>
    
    
    
        <tr id='pt32.18' class='hiddenRow bg-success'>
            <td>
                <div class='testcase'>TestCalibreWebVisibilitys - test_allow_tags</div>
            </td>
            <td colspan='6' align='center'>PASS</td>
        </tr>
    
    
    
        <tr id='pt32.19' class='hiddenRow bg-success'>
            <td>
                <div class='testcase'>TestCalibreWebVisibilitys - test_archive_books</div>
            </td>
            <td colspan='6' align='center'>PASS</td>
        </tr>
    
    
    
        <tr id='pt32.20' class='hiddenRow bg-success'>
            <td>
                <div class='testcase'>TestCalibreWebVisibilitys - test_authors_max_settings</div>
            </td>
            <td colspan='6' align='center'>PASS</td>
        </tr>
    
    
    
        <tr id='pt32.21' class='hiddenRow bg-success'>
            <td>
                <div class='testcase'>TestCalibreWebVisibilitys - test_change_title</div>
            </td>
            <td colspan='6' align='center'>PASS</td>
        </tr>
    
    
    
        <tr id='pt32.22' class='hiddenRow bg-success'>
            <td>
                <div class='testcase'>TestCalibreWebVisibilitys - test_checked_logged_in</div>
            </td>
            <td colspan='6' align='center'>PASS</td>
        </tr>
    
    
    
        <tr id='pt32.23' class='hiddenRow bg-success'>
            <td>
                <div class='testcase'>TestCalibreWebVisibilitys - test_hide_custom_column</div>
            </td>
            <td colspan='6' align='center'>PASS</td>
        </tr>
    
    
    
        <tr id="ft32.24" class="none bg-danger">
            <td>
                <div class='testcase'>TestCalibreWebVisibilitys - test_link_column_to_read_status</div>
            </td>
            <td colspan='6'>
                <div class="text-center">
                    <a class="popup_link text-center" onfocus='blur()' onclick="showTestDetail('div_ft32.24')">FAIL</a>
                </div>
                <!--css div popup start-->
                <div id="div_ft32.24" class="popup_window test_output" style="display:none;">
                    <div class='close_button pull-right'>
                        <button type="button" class="close" aria-label="Close" onfocus='this.blur();'
                                onclick='document.getElementById('div_ft32.24').style.display='none'"><span
                                aria-hidden="true">&times;</span></button>
                    </div>
                    <div class="text-left pull-left">
                        <pre class="text-left">Traceback (most recent call last):
  File "/home/ozzie/Development/calibre-web-test/test/test_visiblilitys.py", line 795, in test_link_column_to_read_status
    self.assertEqual(len(list_element[1]), 1)
AssertionError: 11 != 1</pre>
                    </div>
                    <div class="clearfix"></div>
                </div>
                <!--css div popup end-->
            </td>
        </tr>
    
    
    
        <tr id='pt32.25' class='hiddenRow bg-success'>
            <td>
                <div class='testcase'>TestCalibreWebVisibilitys - test_random_books_available</div>
            </td>
            <td colspan='6' align='center'>PASS</td>
        </tr>
    
    
    
        <tr id='pt32.26' class='hiddenRow bg-success'>
            <td>
                <div class='testcase'>TestCalibreWebVisibilitys - test_restrict_columns</div>
            </td>
            <td colspan='6' align='center'>PASS</td>
        </tr>
    
    
    
        <tr id='pt32.27' class='hiddenRow bg-success'>
            <td>
                <div class='testcase'>TestCalibreWebVisibilitys - test_restrict_tags</div>
            </td>
            <td colspan='6' align='center'>PASS</td>
        </tr>
    
    
    
        <tr id='pt32.28' class='hiddenRow bg-success'>
            <td>
                <div class='testcase'>TestCalibreWebVisibilitys - test_save_views_recent</div>
            </td>
            <td colspan='6' align='center'>PASS</td>
        </tr>
    
    
    
        <tr id='pt32.29' class='hiddenRow bg-success'>
            <td>
                <div class='testcase'>TestCalibreWebVisibilitys - test_search_functions</div>
            </td>
            <td colspan='6' align='center'>PASS</td>
        </tr>
    
    
    
        <tr id='pt32.30' class='hiddenRow bg-success'>
            <td>
                <div class='testcase'>TestCalibreWebVisibilitys - test_search_order</div>
            </td>
            <td colspan='6' align='center'>PASS</td>
        </tr>
    
    
    
        <tr id='pt32.31' class='hiddenRow bg-success'>
            <td>
                <div class='testcase'>TestCalibreWebVisibilitys - test_search_string</div>
            </td>
            <td colspan='6' align='center'>PASS</td>
        </tr>
    
    
    
        <tr id='pt32.32' class='hiddenRow bg-success'>
            <td>
                <div class='testcase'>TestCalibreWebVisibilitys - test_user_email_available</div>
            </td>
            <td colspan='6' align='center'>PASS</td>
        </tr>
    
    
    
        <tr id='pt32.33' class='hiddenRow bg-success'>
            <td>
                <div class='testcase'>TestCalibreWebVisibilitys - test_user_visibility_sidebar</div>
            </td>
            <td colspan='6' align='center'>PASS</td>
        </tr>
    
    


    <tr id="su" class="passClass">
        <td>TestCalibreHelper</td>
        <td class="text-center">16</td>
        <td class="text-center">16</td>
        <td class="text-center">0</td>
        <td class="text-center">0</td>
        <td class="text-center">0</td>
        <td class="text-center">
            <a onclick="showClassDetail('c33', 16)">Detail</a>
        </td>
    </tr>

    
    
        <tr id='pt33.1' class='hiddenRow bg-success'>
            <td>
                <div class='testcase'>TestCalibreHelper - test_author_sort</div>
            </td>
            <td colspan='6' align='center'>PASS</td>
        </tr>
    
    
    
        <tr id='pt33.2' class='hiddenRow bg-success'>
            <td>
                <div class='testcase'>TestCalibreHelper - test_author_sort_comma</div>
            </td>
            <td colspan='6' align='center'>PASS</td>
        </tr>
    
    
    
        <tr id='pt33.3' class='hiddenRow bg-success'>
            <td>
                <div class='testcase'>TestCalibreHelper - test_author_sort_junior</div>
            </td>
            <td colspan='6' align='center'>PASS</td>
        </tr>
    
    
    
        <tr id='pt33.4' class='hiddenRow bg-success'>
            <td>
                <div class='testcase'>TestCalibreHelper - test_author_sort_oneword</div>
            </td>
            <td colspan='6' align='center'>PASS</td>
        </tr>
    
    
    
        <tr id='pt33.5' class='hiddenRow bg-success'>
            <td>
                <div class='testcase'>TestCalibreHelper - test_author_sort_roman</div>
            </td>
            <td colspan='6' align='center'>PASS</td>
        </tr>
    
    
    
        <tr id='pt33.6' class='hiddenRow bg-success'>
            <td>
                <div class='testcase'>TestCalibreHelper - test_check_Limit_Length</div>
            </td>
            <td colspan='6' align='center'>PASS</td>
        </tr>
    
    
    
        <tr id='pt33.7' class='hiddenRow bg-success'>
            <td>
                <div class='testcase'>TestCalibreHelper - test_check_char_replacement</div>
            </td>
            <td colspan='6' align='center'>PASS</td>
        </tr>
    
    
    
        <tr id='pt33.8' class='hiddenRow bg-success'>
            <td>
                <div class='testcase'>TestCalibreHelper - test_check_chinese_Characters</div>
            </td>
            <td colspan='6' align='center'>PASS</td>
        </tr>
    
    
    
        <tr id='pt33.9' class='hiddenRow bg-success'>
            <td>
                <div class='testcase'>TestCalibreHelper - test_check_deg_eur_replacement</div>
            </td>
            <td colspan='6' align='center'>PASS</td>
        </tr>
    
    
    
        <tr id='pt33.10' class='hiddenRow bg-success'>
            <td>
                <div class='testcase'>TestCalibreHelper - test_check_doubleS</div>
            </td>
            <td colspan='6' align='center'>PASS</td>
        </tr>
    
    
    
        <tr id='pt33.11' class='hiddenRow bg-success'>
            <td>
                <div class='testcase'>TestCalibreHelper - test_check_finish_Dot</div>
            </td>
            <td colspan='6' align='center'>PASS</td>
        </tr>
    
    
    
        <tr id='pt33.12' class='hiddenRow bg-success'>
            <td>
                <div class='testcase'>TestCalibreHelper - test_check_high23</div>
            </td>
            <td colspan='6' align='center'>PASS</td>
        </tr>
    
    
    
        <tr id='pt33.13' class='hiddenRow bg-success'>
            <td>
                <div class='testcase'>TestCalibreHelper - test_check_umlauts</div>
            </td>
            <td colspan='6' align='center'>PASS</td>
        </tr>
    
    
    
        <tr id='pt33.14' class='hiddenRow bg-success'>
            <td>
                <div class='testcase'>TestCalibreHelper - test_random_password</div>
            </td>
            <td colspan='6' align='center'>PASS</td>
        </tr>
    
    
    
        <tr id='pt33.15' class='hiddenRow bg-success'>
            <td>
                <div class='testcase'>TestCalibreHelper - test_split_authors</div>
            </td>
            <td colspan='6' align='center'>PASS</td>
        </tr>
    
    
    
        <tr id='pt33.16' class='hiddenRow bg-success'>
            <td>
                <div class='testcase'>TestCalibreHelper - test_whitespaces</div>
            </td>
            <td colspan='6' align='center'>PASS</td>
        </tr>
    
    

    <tr id='total_row' class="text-center bg-grey">
        <td>Total</td>
        <td>308</td>
        <td>241</td>
        <td>13</td>
        <td>47</td>
        <td>7</td>
        <td>&nbsp;</td>
    </tr>
</table>
<div class="panel-group">
  <div class="panel panel-default">
    <div class="panel-heading">
      <h4 class="panel-title">
        <a class="accordion-toggle" data-toggle="collapse" href="#collapseOne">
          <span class="glyphicon glyphicon-plus"></span>
          Tested environment
        </a>
      </h4>
    </div>
    <div id="collapseOne" class="panel-collapse collapse">
      <div class="panel-body">
        <table id="libs" class="table">
          <thead>
            <tr>
              <th>Program library</th>
              <th>Installed Version</th>
              <th>Test class</th>
            </tr>
          </thead>
          <tbody>
          
            <tr>
              <th>Platform</th>
              <td>Linux 5.8.0-45-generic #51~20.04.1-Ubuntu SMP Tue Feb 23 13:46:31 UTC 2021 x86_64 x86_64</td>
              <td>Basic</td>
            </tr>
          
            <tr>
              <th>Python</th>
              <td>3.8.5</td>
              <td>Basic</td>
            </tr>
          
            <tr>
              <th>Babel</th>
              <td>2.8.1</td>
              <td>Basic</td>
            </tr>
          
            <tr>
              <th>backports-abc</th>
              <td>0.5</td>
              <td>Basic</td>
            </tr>
          
            <tr>
              <th>Flask</th>
              <td>1.1.2</td>
              <td>Basic</td>
            </tr>
          
            <tr>
              <th>Flask-Babel</th>
              <td>2.0.0</td>
              <td>Basic</td>
            </tr>
          
            <tr>
              <th>Flask-Login</th>
              <td>0.5.0</td>
              <td>Basic</td>
            </tr>
          
            <tr>
              <th>Flask-Principal</th>
              <td>0.4.0</td>
              <td>Basic</td>
            </tr>
          
            <tr>
              <th>greenlet</th>
              <td>1.0.0</td>
              <td>Basic</td>
            </tr>
          
            <tr>
              <th>iso-639</th>
              <td>0.4.5</td>
              <td>Basic</td>
            </tr>
          
            <tr>
              <th>Jinja2</th>
              <td>2.11.3</td>
              <td>Basic</td>
            </tr>
          
            <tr>
              <th>PyPDF3</th>
              <td>1.0.3</td>
              <td>Basic</td>
            </tr>
          
            <tr>
              <th>pytz</th>
              <td>2021.1</td>
              <td>Basic</td>
            </tr>
          
            <tr>
              <th>requests</th>
              <td>2.24.0</td>
              <td>Basic</td>
            </tr>
          
            <tr>
              <th>singledispatch</th>
              <td>3.4.0.4</td>
              <td>Basic</td>
            </tr>
          
            <tr>
              <th>six</th>
              <td>1.15.0</td>
              <td>Basic</td>
            </tr>
          
            <tr>
              <th>SQLAlchemy</th>
              <td>1.4.2</td>
              <td>Basic</td>
            </tr>
          
            <tr>
              <th>tornado</th>
              <td>6.1</td>
              <td>Basic</td>
            </tr>
          
            <tr>
              <th>Unidecode</th>
              <td>1.1.2</td>
              <td>Basic</td>
            </tr>
          
            <tr>
              <th>Wand</th>
              <td>0.6.6</td>
              <td>Basic</td>
            </tr>
          
            <tr>
              <th>Werkzeug</th>
              <td>1.0.1</td>
              <td>Basic</td>
            </tr>
          
            <tr>
              <th>google-api-python-client</th>
              <td>2.0.2</td>
              <td>TestEbookConvertCalibreGDrive</td>
            </tr>
          
            <tr>
              <th>httplib2</th>
              <td>0.19.0</td>
              <td>TestEbookConvertCalibreGDrive</td>
            </tr>
          
            <tr>
              <th>lxml</th>
              <td>4.6.3</td>
              <td>TestEbookConvertCalibreGDrive</td>
            </tr>
          
            <tr>
              <th>oauth2client</th>
              <td>4.1.3</td>
              <td>TestEbookConvertCalibreGDrive</td>
            </tr>
          
            <tr>
              <th>PyDrive2</th>
              <td>1.8.1</td>
              <td>TestEbookConvertCalibreGDrive</td>
            </tr>
          
            <tr>
              <th>PyYAML</th>
              <td>5.4.1</td>
              <td>TestEbookConvertCalibreGDrive</td>
            </tr>
          
            <tr>
              <th>google-api-python-client</th>
              <td>2.0.2</td>
              <td>TestEbookConvertGDriveKepubify</td>
            </tr>
          
            <tr>
              <th>httplib2</th>
              <td>0.19.0</td>
              <td>TestEbookConvertGDriveKepubify</td>
            </tr>
          
            <tr>
              <th>lxml</th>
              <td>4.6.3</td>
              <td>TestEbookConvertGDriveKepubify</td>
            </tr>
          
            <tr>
              <th>oauth2client</th>
              <td>4.1.3</td>
              <td>TestEbookConvertGDriveKepubify</td>
            </tr>
          
            <tr>
              <th>PyDrive2</th>
              <td>1.8.1</td>
              <td>TestEbookConvertGDriveKepubify</td>
            </tr>
          
            <tr>
              <th>PyYAML</th>
              <td>5.4.1</td>
              <td>TestEbookConvertGDriveKepubify</td>
            </tr>
          
            <tr>
              <th>comicapi</th>
              <td>2.2.0</td>
              <td>TestEditAdditionalBooks</td>
            </tr>
          
            <tr>
              <th>lxml</th>
              <td>4.6.3</td>
              <td>TestEditAdditionalBooks</td>
            </tr>
          
            <tr>
              <th>rarfile</th>
              <td>4.0</td>
              <td>TestEditAdditionalBooks</td>
            </tr>
          
            <tr>
              <th>lxml</th>
              <td>4.6.3</td>
              <td>TestEditBooks</td>
            </tr>
          
            <tr>
              <th>google-api-python-client</th>
              <td>2.0.2</td>
              <td>TestEditBooksOnGdrive</td>
            </tr>
          
            <tr>
              <th>httplib2</th>
              <td>0.19.0</td>
              <td>TestEditBooksOnGdrive</td>
            </tr>
          
            <tr>
              <th>lxml</th>
              <td>4.6.3</td>
              <td>TestEditBooksOnGdrive</td>
            </tr>
          
            <tr>
              <th>oauth2client</th>
              <td>4.1.3</td>
              <td>TestEditBooksOnGdrive</td>
            </tr>
          
            <tr>
              <th>PyDrive2</th>
              <td>1.8.1</td>
              <td>TestEditBooksOnGdrive</td>
            </tr>
          
            <tr>
              <th>PyYAML</th>
              <td>5.4.1</td>
              <td>TestEditBooksOnGdrive</td>
            </tr>
          
            <tr>
              <th>google-api-python-client</th>
              <td>2.0.2</td>
              <td>TestSetupGdrive</td>
            </tr>
          
            <tr>
              <th>httplib2</th>
              <td>0.19.0</td>
              <td>TestSetupGdrive</td>
            </tr>
          
            <tr>
              <th>oauth2client</th>
              <td>4.1.3</td>
              <td>TestSetupGdrive</td>
            </tr>
          
            <tr>
              <th>PyDrive2</th>
              <td>1.8.1</td>
              <td>TestSetupGdrive</td>
            </tr>
          
            <tr>
              <th>PyYAML</th>
              <td>5.4.1</td>
              <td>TestSetupGdrive</td>
            </tr>
          
            <tr>
              <th>goodreads</th>
              <td>0.3.2</td>
              <td>TestGoodreads</td>
            </tr>
          
            <tr>
              <th>python-Levenshtein</th>
              <td>0.12.2</td>
              <td>TestGoodreads</td>
            </tr>
          
            <tr>
              <th>jsonschema</th>
              <td>3.2.0</td>
              <td>TestKoboSync</td>
            </tr>
          
            <tr>
              <th>Flask-SimpleLDAP</th>
              <td>1.4.0</td>
              <td>TestLdapLogin</td>
            </tr>
          
            <tr>
              <th>jsonschema</th>
              <td>3.2.0</td>
              <td>TestLdapLogin</td>
            </tr>
          
            <tr>
              <th>python-ldap</th>
              <td>3.3.1</td>
              <td>TestLdapLogin</td>
            </tr>
          
            <tr>
              <th>Flask-Dance</th>
              <td>3.3.1</td>
              <td>TestOAuthLogin</td>
            </tr>
          
            <tr>
              <th>SQLAlchemy-Utils</th>
              <td>0.36.8</td>
              <td>TestOAuthLogin</td>
            </tr>
          
            <tr>
              <th>lxml</th>
              <td>4.6.3</td>
              <td>TestUploadPDF</td>
            </tr>
          
          </tbody>
        </table>
      </div>
    </div>
  </div>
</div>

<script>
    drawCircle(241, 13, 47, 7);
</script>

</div>

<footer>
<div id='foter' class="text-center">
    <p>Made with HTMLTestRunner from https://github.com/oldani/HtmlTestRunner</p>
</div>
</footer>

</body>
</html>